<?xml version="1.0" encoding="UTF-8"?>
<testsuite xmlns:xsi="http://www.w3.org/2001/XMLSchema-instance" xsi:noNamespaceSchemaLocation="https://maven.apache.org/surefire/maven-surefire-plugin/xsd/surefire-test-report.xsd" name="com.by.shopsearch.ShopSearchApplicationTests" time="7.082" tests="1" errors="1" skipped="0" failures="0">
  <properties>
    <property name="sun.desktop" value="windows"/>
    <property name="awt.toolkit" value="sun.awt.windows.WToolkit"/>
    <property name="file.encoding.pkg" value="sun.io"/>
    <property name="java.specification.version" value="1.8"/>
    <property name="sun.cpu.isalist" value="amd64"/>
    <property name="sun.jnu.encoding" value="GBK"/>
    <property name="java.class.path" value="D:\shoe-city\shop-search\target\test-classes;D:\shoe-city\shop-search\target\classes;F:\Java\apache-maven-3.6.3\repository\org\springframework\boot\spring-boot-starter-amqp\2.3.3.RELEASE\spring-boot-starter-amqp-2.3.3.RELEASE.jar;F:\Java\apache-maven-3.6.3\repository\org\springframework\boot\spring-boot-starter\2.3.3.RELEASE\spring-boot-starter-2.3.3.RELEASE.jar;F:\Java\apache-maven-3.6.3\repository\org\springframework\boot\spring-boot\2.3.3.RELEASE\spring-boot-2.3.3.RELEASE.jar;F:\Java\apache-maven-3.6.3\repository\org\springframework\boot\spring-boot-autoconfigure\2.3.3.RELEASE\spring-boot-autoconfigure-2.3.3.RELEASE.jar;F:\Java\apache-maven-3.6.3\repository\org\springframework\boot\spring-boot-starter-logging\2.3.3.RELEASE\spring-boot-starter-logging-2.3.3.RELEASE.jar;F:\Java\apache-maven-3.6.3\repository\ch\qos\logback\logback-classic\1.2.3\logback-classic-1.2.3.jar;F:\Java\apache-maven-3.6.3\repository\ch\qos\logback\logback-core\1.2.3\logback-core-1.2.3.jar;F:\Java\apache-maven-3.6.3\repository\org\apache\logging\log4j\log4j-to-slf4j\2.13.3\log4j-to-slf4j-2.13.3.jar;F:\Java\apache-maven-3.6.3\repository\org\slf4j\jul-to-slf4j\1.7.30\jul-to-slf4j-1.7.30.jar;F:\Java\apache-maven-3.6.3\repository\jakarta\annotation\jakarta.annotation-api\1.3.5\jakarta.annotation-api-1.3.5.jar;F:\Java\apache-maven-3.6.3\repository\org\yaml\snakeyaml\1.26\snakeyaml-1.26.jar;F:\Java\apache-maven-3.6.3\repository\org\springframework\spring-messaging\5.2.8.RELEASE\spring-messaging-5.2.8.RELEASE.jar;F:\Java\apache-maven-3.6.3\repository\org\springframework\spring-beans\5.2.8.RELEASE\spring-beans-5.2.8.RELEASE.jar;F:\Java\apache-maven-3.6.3\repository\org\springframework\amqp\spring-rabbit\2.2.10.RELEASE\spring-rabbit-2.2.10.RELEASE.jar;F:\Java\apache-maven-3.6.3\repository\com\rabbitmq\amqp-client\5.9.0\amqp-client-5.9.0.jar;F:\Java\apache-maven-3.6.3\repository\org\springframework\amqp\spring-amqp\2.2.10.RELEASE\spring-amqp-2.2.10.RELEASE.jar;F:\Java\apache-maven-3.6.3\repository\org\springframework\retry\spring-retry\1.2.5.RELEASE\spring-retry-1.2.5.RELEASE.jar;F:\Java\apache-maven-3.6.3\repository\org\springframework\spring-context\5.2.8.RELEASE\spring-context-5.2.8.RELEASE.jar;F:\Java\apache-maven-3.6.3\repository\org\springframework\spring-tx\5.2.8.RELEASE\spring-tx-5.2.8.RELEASE.jar;F:\Java\apache-maven-3.6.3\repository\org\springframework\cloud\spring-cloud-starter-config\2.2.4.RELEASE\spring-cloud-starter-config-2.2.4.RELEASE.jar;F:\Java\apache-maven-3.6.3\repository\org\springframework\cloud\spring-cloud-starter\2.2.4.RELEASE\spring-cloud-starter-2.2.4.RELEASE.jar;F:\Java\apache-maven-3.6.3\repository\org\springframework\cloud\spring-cloud-context\2.2.4.RELEASE\spring-cloud-context-2.2.4.RELEASE.jar;F:\Java\apache-maven-3.6.3\repository\org\springframework\security\spring-security-crypto\5.3.4.RELEASE\spring-security-crypto-5.3.4.RELEASE.jar;F:\Java\apache-maven-3.6.3\repository\org\springframework\cloud\spring-cloud-commons\2.2.4.RELEASE\spring-cloud-commons-2.2.4.RELEASE.jar;F:\Java\apache-maven-3.6.3\repository\org\springframework\security\spring-security-rsa\1.0.9.RELEASE\spring-security-rsa-1.0.9.RELEASE.jar;F:\Java\apache-maven-3.6.3\repository\org\bouncycastle\bcpkix-jdk15on\1.64\bcpkix-jdk15on-1.64.jar;F:\Java\apache-maven-3.6.3\repository\org\bouncycastle\bcprov-jdk15on\1.64\bcprov-jdk15on-1.64.jar;F:\Java\apache-maven-3.6.3\repository\org\springframework\cloud\spring-cloud-config-client\2.2.4.RELEASE\spring-cloud-config-client-2.2.4.RELEASE.jar;F:\Java\apache-maven-3.6.3\repository\com\fasterxml\jackson\core\jackson-annotations\2.11.2\jackson-annotations-2.11.2.jar;F:\Java\apache-maven-3.6.3\repository\com\fasterxml\jackson\core\jackson-databind\2.11.2\jackson-databind-2.11.2.jar;F:\Java\apache-maven-3.6.3\repository\com\fasterxml\jackson\core\jackson-core\2.11.2\jackson-core-2.11.2.jar;F:\Java\apache-maven-3.6.3\repository\org\springframework\cloud\spring-cloud-starter-netflix-eureka-client\2.2.4.RELEASE\spring-cloud-starter-netflix-eureka-client-2.2.4.RELEASE.jar;F:\Java\apache-maven-3.6.3\repository\org\springframework\cloud\spring-cloud-netflix-hystrix\2.2.4.RELEASE\spring-cloud-netflix-hystrix-2.2.4.RELEASE.jar;F:\Java\apache-maven-3.6.3\repository\org\springframework\boot\spring-boot-starter-aop\2.3.3.RELEASE\spring-boot-starter-aop-2.3.3.RELEASE.jar;F:\Java\apache-maven-3.6.3\repository\org\aspectj\aspectjweaver\1.9.6\aspectjweaver-1.9.6.jar;F:\Java\apache-maven-3.6.3\repository\org\springframework\cloud\spring-cloud-netflix-eureka-client\2.2.4.RELEASE\spring-cloud-netflix-eureka-client-2.2.4.RELEASE.jar;F:\Java\apache-maven-3.6.3\repository\com\netflix\eureka\eureka-client\1.9.25\eureka-client-1.9.25.jar;F:\Java\apache-maven-3.6.3\repository\org\codehaus\jettison\jettison\1.3.7\jettison-1.3.7.jar;F:\Java\apache-maven-3.6.3\repository\stax\stax-api\1.0.1\stax-api-1.0.1.jar;F:\Java\apache-maven-3.6.3\repository\com\netflix\netflix-commons\netflix-eventbus\0.3.0\netflix-eventbus-0.3.0.jar;F:\Java\apache-maven-3.6.3\repository\com\netflix\netflix-commons\netflix-infix\0.3.0\netflix-infix-0.3.0.jar;F:\Java\apache-maven-3.6.3\repository\commons-jxpath\commons-jxpath\1.3\commons-jxpath-1.3.jar;F:\Java\apache-maven-3.6.3\repository\org\antlr\antlr-runtime\3.4\antlr-runtime-3.4.jar;F:\Java\apache-maven-3.6.3\repository\org\antlr\stringtemplate\3.2.1\stringtemplate-3.2.1.jar;F:\Java\apache-maven-3.6.3\repository\antlr\antlr\2.7.7\antlr-2.7.7.jar;F:\Java\apache-maven-3.6.3\repository\org\apache\commons\commons-math\2.2\commons-math-2.2.jar;F:\Java\apache-maven-3.6.3\repository\com\netflix\archaius\archaius-core\0.7.6\archaius-core-0.7.6.jar;F:\Java\apache-maven-3.6.3\repository\com\google\guava\guava\29.0-jre\guava-29.0-jre.jar;F:\Java\apache-maven-3.6.3\repository\com\google\guava\failureaccess\1.0.1\failureaccess-1.0.1.jar;F:\Java\apache-maven-3.6.3\repository\com\google\guava\listenablefuture\9999.0-empty-to-avoid-conflict-with-guava\listenablefuture-9999.0-empty-to-avoid-conflict-with-guava.jar;F:\Java\apache-maven-3.6.3\repository\org\checkerframework\checker-qual\2.11.1\checker-qual-2.11.1.jar;F:\Java\apache-maven-3.6.3\repository\com\google\errorprone\error_prone_annotations\2.3.4\error_prone_annotations-2.3.4.jar;F:\Java\apache-maven-3.6.3\repository\com\google\j2objc\j2objc-annotations\1.3\j2objc-annotations-1.3.jar;F:\Java\apache-maven-3.6.3\repository\javax\ws\rs\jsr311-api\1.1.1\jsr311-api-1.1.1.jar;F:\Java\apache-maven-3.6.3\repository\com\netflix\servo\servo-core\0.12.21\servo-core-0.12.21.jar;F:\Java\apache-maven-3.6.3\repository\com\sun\jersey\jersey-core\1.19.1\jersey-core-1.19.1.jar;F:\Java\apache-maven-3.6.3\repository\com\sun\jersey\jersey-client\1.19.1\jersey-client-1.19.1.jar;F:\Java\apache-maven-3.6.3\repository\com\sun\jersey\contribs\jersey-apache-client4\1.19.1\jersey-apache-client4-1.19.1.jar;F:\Java\apache-maven-3.6.3\repository\org\apache\httpcomponents\httpclient\4.5.12\httpclient-4.5.12.jar;F:\Java\apache-maven-3.6.3\repository\commons-configuration\commons-configuration\1.10\commons-configuration-1.10.jar;F:\Java\apache-maven-3.6.3\repository\commons-lang\commons-lang\2.6\commons-lang-2.6.jar;F:\Java\apache-maven-3.6.3\repository\com\google\inject\guice\4.1.0\guice-4.1.0.jar;F:\Java\apache-maven-3.6.3\repository\javax\inject\javax.inject\1\javax.inject-1.jar;F:\Java\apache-maven-3.6.3\repository\aopalliance\aopalliance\1.0\aopalliance-1.0.jar;F:\Java\apache-maven-3.6.3\repository\com\netflix\eureka\eureka-core\1.9.25\eureka-core-1.9.25.jar;F:\Java\apache-maven-3.6.3\repository\com\fasterxml\woodstox\woodstox-core\5.3.0\woodstox-core-5.3.0.jar;F:\Java\apache-maven-3.6.3\repository\org\codehaus\woodstox\stax2-api\4.2\stax2-api-4.2.jar;F:\Java\apache-maven-3.6.3\repository\org\springframework\cloud\spring-cloud-starter-netflix-archaius\2.2.4.RELEASE\spring-cloud-starter-netflix-archaius-2.2.4.RELEASE.jar;F:\Java\apache-maven-3.6.3\repository\org\springframework\cloud\spring-cloud-netflix-ribbon\2.2.4.RELEASE\spring-cloud-netflix-ribbon-2.2.4.RELEASE.jar;F:\Java\apache-maven-3.6.3\repository\org\springframework\cloud\spring-cloud-netflix-archaius\2.2.4.RELEASE\spring-cloud-netflix-archaius-2.2.4.RELEASE.jar;F:\Java\apache-maven-3.6.3\repository\org\springframework\cloud\spring-cloud-starter-netflix-ribbon\2.2.4.RELEASE\spring-cloud-starter-netflix-ribbon-2.2.4.RELEASE.jar;F:\Java\apache-maven-3.6.3\repository\com\netflix\ribbon\ribbon\2.3.0\ribbon-2.3.0.jar;F:\Java\apache-maven-3.6.3\repository\com\netflix\ribbon\ribbon-transport\2.3.0\ribbon-transport-2.3.0.jar;F:\Java\apache-maven-3.6.3\repository\io\reactivex\rxnetty-contexts\0.4.9\rxnetty-contexts-0.4.9.jar;F:\Java\apache-maven-3.6.3\repository\io\reactivex\rxnetty-servo\0.4.9\rxnetty-servo-0.4.9.jar;F:\Java\apache-maven-3.6.3\repository\com\netflix\hystrix\hystrix-core\1.5.18\hystrix-core-1.5.18.jar;F:\Java\apache-maven-3.6.3\repository\io\reactivex\rxnetty\0.4.9\rxnetty-0.4.9.jar;F:\Java\apache-maven-3.6.3\repository\com\netflix\ribbon\ribbon-core\2.3.0\ribbon-core-2.3.0.jar;F:\Java\apache-maven-3.6.3\repository\com\netflix\ribbon\ribbon-httpclient\2.3.0\ribbon-httpclient-2.3.0.jar;F:\Java\apache-maven-3.6.3\repository\com\netflix\netflix-commons\netflix-commons-util\0.3.0\netflix-commons-util-0.3.0.jar;F:\Java\apache-maven-3.6.3\repository\com\netflix\ribbon\ribbon-loadbalancer\2.3.0\ribbon-loadbalancer-2.3.0.jar;F:\Java\apache-maven-3.6.3\repository\com\netflix\netflix-commons\netflix-statistics\0.1.1\netflix-statistics-0.1.1.jar;F:\Java\apache-maven-3.6.3\repository\io\reactivex\rxjava\1.3.8\rxjava-1.3.8.jar;F:\Java\apache-maven-3.6.3\repository\org\springframework\cloud\spring-cloud-starter-loadbalancer\2.2.4.RELEASE\spring-cloud-starter-loadbalancer-2.2.4.RELEASE.jar;F:\Java\apache-maven-3.6.3\repository\org\springframework\cloud\spring-cloud-loadbalancer\2.2.4.RELEASE\spring-cloud-loadbalancer-2.2.4.RELEASE.jar;F:\Java\apache-maven-3.6.3\repository\org\springframework\boot\spring-boot-starter-validation\2.3.3.RELEASE\spring-boot-starter-validation-2.3.3.RELEASE.jar;F:\Java\apache-maven-3.6.3\repository\org\hibernate\validator\hibernate-validator\6.1.5.Final\hibernate-validator-6.1.5.Final.jar;F:\Java\apache-maven-3.6.3\repository\jakarta\validation\jakarta.validation-api\2.0.2\jakarta.validation-api-2.0.2.jar;F:\Java\apache-maven-3.6.3\repository\org\jboss\logging\jboss-logging\3.4.1.Final\jboss-logging-3.4.1.Final.jar;F:\Java\apache-maven-3.6.3\repository\com\fasterxml\classmate\1.5.1\classmate-1.5.1.jar;F:\Java\apache-maven-3.6.3\repository\io\projectreactor\reactor-core\3.3.9.RELEASE\reactor-core-3.3.9.RELEASE.jar;F:\Java\apache-maven-3.6.3\repository\org\reactivestreams\reactive-streams\1.0.3\reactive-streams-1.0.3.jar;F:\Java\apache-maven-3.6.3\repository\io\projectreactor\addons\reactor-extra\3.3.3.RELEASE\reactor-extra-3.3.3.RELEASE.jar;F:\Java\apache-maven-3.6.3\repository\org\springframework\boot\spring-boot-starter-cache\2.3.3.RELEASE\spring-boot-starter-cache-2.3.3.RELEASE.jar;F:\Java\apache-maven-3.6.3\repository\org\springframework\spring-context-support\5.2.8.RELEASE\spring-context-support-5.2.8.RELEASE.jar;F:\Java\apache-maven-3.6.3\repository\com\stoyanr\evictor\1.0.0\evictor-1.0.0.jar;F:\Java\apache-maven-3.6.3\repository\com\netflix\ribbon\ribbon-eureka\2.3.0\ribbon-eureka-2.3.0.jar;F:\Java\apache-maven-3.6.3\repository\org\slf4j\slf4j-api\1.7.30\slf4j-api-1.7.30.jar;F:\Java\apache-maven-3.6.3\repository\com\thoughtworks\xstream\xstream\1.4.11.1\xstream-1.4.11.1.jar;F:\Java\apache-maven-3.6.3\repository\xmlpull\xmlpull\1.1.3.1\xmlpull-1.1.3.1.jar;F:\Java\apache-maven-3.6.3\repository\xpp3\xpp3_min\1.1.4c\xpp3_min-1.1.4c.jar;F:\Java\apache-maven-3.6.3\repository\org\springframework\boot\spring-boot-starter-test\2.3.3.RELEASE\spring-boot-starter-test-2.3.3.RELEASE.jar;F:\Java\apache-maven-3.6.3\repository\org\springframework\boot\spring-boot-test\2.3.3.RELEASE\spring-boot-test-2.3.3.RELEASE.jar;F:\Java\apache-maven-3.6.3\repository\org\springframework\boot\spring-boot-test-autoconfigure\2.3.3.RELEASE\spring-boot-test-autoconfigure-2.3.3.RELEASE.jar;F:\Java\apache-maven-3.6.3\repository\com\jayway\jsonpath\json-path\2.4.0\json-path-2.4.0.jar;F:\Java\apache-maven-3.6.3\repository\net\minidev\json-smart\2.3\json-smart-2.3.jar;F:\Java\apache-maven-3.6.3\repository\net\minidev\accessors-smart\1.2\accessors-smart-1.2.jar;F:\Java\apache-maven-3.6.3\repository\org\ow2\asm\asm\5.0.4\asm-5.0.4.jar;F:\Java\apache-maven-3.6.3\repository\jakarta\xml\bind\jakarta.xml.bind-api\2.3.3\jakarta.xml.bind-api-2.3.3.jar;F:\Java\apache-maven-3.6.3\repository\jakarta\activation\jakarta.activation-api\1.2.2\jakarta.activation-api-1.2.2.jar;F:\Java\apache-maven-3.6.3\repository\org\assertj\assertj-core\3.16.1\assertj-core-3.16.1.jar;F:\Java\apache-maven-3.6.3\repository\org\hamcrest\hamcrest\2.2\hamcrest-2.2.jar;F:\Java\apache-maven-3.6.3\repository\org\junit\jupiter\junit-jupiter\5.6.2\junit-jupiter-5.6.2.jar;F:\Java\apache-maven-3.6.3\repository\org\junit\jupiter\junit-jupiter-api\5.6.2\junit-jupiter-api-5.6.2.jar;F:\Java\apache-maven-3.6.3\repository\org\opentest4j\opentest4j\1.2.0\opentest4j-1.2.0.jar;F:\Java\apache-maven-3.6.3\repository\org\junit\platform\junit-platform-commons\1.6.2\junit-platform-commons-1.6.2.jar;F:\Java\apache-maven-3.6.3\repository\org\junit\jupiter\junit-jupiter-params\5.6.2\junit-jupiter-params-5.6.2.jar;F:\Java\apache-maven-3.6.3\repository\org\junit\jupiter\junit-jupiter-engine\5.6.2\junit-jupiter-engine-5.6.2.jar;F:\Java\apache-maven-3.6.3\repository\org\junit\vintage\junit-vintage-engine\5.6.2\junit-vintage-engine-5.6.2.jar;F:\Java\apache-maven-3.6.3\repository\org\apiguardian\apiguardian-api\1.1.0\apiguardian-api-1.1.0.jar;F:\Java\apache-maven-3.6.3\repository\org\junit\platform\junit-platform-engine\1.6.2\junit-platform-engine-1.6.2.jar;F:\Java\apache-maven-3.6.3\repository\junit\junit\4.13\junit-4.13.jar;F:\Java\apache-maven-3.6.3\repository\org\mockito\mockito-core\3.3.3\mockito-core-3.3.3.jar;F:\Java\apache-maven-3.6.3\repository\net\bytebuddy\byte-buddy\1.10.14\byte-buddy-1.10.14.jar;F:\Java\apache-maven-3.6.3\repository\net\bytebuddy\byte-buddy-agent\1.10.14\byte-buddy-agent-1.10.14.jar;F:\Java\apache-maven-3.6.3\repository\org\objenesis\objenesis\2.6\objenesis-2.6.jar;F:\Java\apache-maven-3.6.3\repository\org\mockito\mockito-junit-jupiter\3.3.3\mockito-junit-jupiter-3.3.3.jar;F:\Java\apache-maven-3.6.3\repository\org\skyscreamer\jsonassert\1.5.0\jsonassert-1.5.0.jar;F:\Java\apache-maven-3.6.3\repository\com\vaadin\external\google\android-json\0.0.20131108.vaadin1\android-json-0.0.20131108.vaadin1.jar;F:\Java\apache-maven-3.6.3\repository\org\springframework\spring-core\5.2.8.RELEASE\spring-core-5.2.8.RELEASE.jar;F:\Java\apache-maven-3.6.3\repository\org\springframework\spring-jcl\5.2.8.RELEASE\spring-jcl-5.2.8.RELEASE.jar;F:\Java\apache-maven-3.6.3\repository\org\springframework\spring-test\5.2.8.RELEASE\spring-test-5.2.8.RELEASE.jar;F:\Java\apache-maven-3.6.3\repository\org\xmlunit\xmlunit-core\2.7.0\xmlunit-core-2.7.0.jar;F:\Java\apache-maven-3.6.3\repository\org\springframework\amqp\spring-rabbit-test\2.2.10.RELEASE\spring-rabbit-test-2.2.10.RELEASE.jar;F:\Java\apache-maven-3.6.3\repository\org\hamcrest\hamcrest-core\2.2\hamcrest-core-2.2.jar;F:\Java\apache-maven-3.6.3\repository\org\hamcrest\hamcrest-library\2.2\hamcrest-library-2.2.jar;F:\Java\apache-maven-3.6.3\repository\org\springframework\amqp\spring-rabbit-junit\2.2.10.RELEASE\spring-rabbit-junit-2.2.10.RELEASE.jar;F:\Java\apache-maven-3.6.3\repository\com\rabbitmq\http-client\3.2.0.RELEASE\http-client-3.2.0.RELEASE.jar;F:\Java\apache-maven-3.6.3\repository\org\springframework\boot\spring-boot-starter-web\2.3.3.RELEASE\spring-boot-starter-web-2.3.3.RELEASE.jar;F:\Java\apache-maven-3.6.3\repository\org\springframework\boot\spring-boot-starter-json\2.3.3.RELEASE\spring-boot-starter-json-2.3.3.RELEASE.jar;F:\Java\apache-maven-3.6.3\repository\com\fasterxml\jackson\datatype\jackson-datatype-jdk8\2.11.2\jackson-datatype-jdk8-2.11.2.jar;F:\Java\apache-maven-3.6.3\repository\com\fasterxml\jackson\datatype\jackson-datatype-jsr310\2.11.2\jackson-datatype-jsr310-2.11.2.jar;F:\Java\apache-maven-3.6.3\repository\com\fasterxml\jackson\module\jackson-module-parameter-names\2.11.2\jackson-module-parameter-names-2.11.2.jar;F:\Java\apache-maven-3.6.3\repository\org\springframework\boot\spring-boot-starter-tomcat\2.3.3.RELEASE\spring-boot-starter-tomcat-2.3.3.RELEASE.jar;F:\Java\apache-maven-3.6.3\repository\org\apache\tomcat\embed\tomcat-embed-core\9.0.37\tomcat-embed-core-9.0.37.jar;F:\Java\apache-maven-3.6.3\repository\org\glassfish\jakarta.el\3.0.3\jakarta.el-3.0.3.jar;F:\Java\apache-maven-3.6.3\repository\org\apache\tomcat\embed\tomcat-embed-websocket\9.0.37\tomcat-embed-websocket-9.0.37.jar;F:\Java\apache-maven-3.6.3\repository\org\springframework\spring-web\5.2.8.RELEASE\spring-web-5.2.8.RELEASE.jar;F:\Java\apache-maven-3.6.3\repository\org\springframework\spring-webmvc\5.2.8.RELEASE\spring-webmvc-5.2.8.RELEASE.jar;F:\Java\apache-maven-3.6.3\repository\org\springframework\spring-aop\5.2.8.RELEASE\spring-aop-5.2.8.RELEASE.jar;F:\Java\apache-maven-3.6.3\repository\org\springframework\spring-expression\5.2.8.RELEASE\spring-expression-5.2.8.RELEASE.jar;F:\Java\apache-maven-3.6.3\repository\com\by\shop-common\1.0-SNAPSHOT\shop-common-1.0-SNAPSHOT.jar;F:\Java\apache-maven-3.6.3\repository\com\by\shop-entity\1.0-SNAPSHOT\shop-entity-1.0-SNAPSHOT.jar;F:\Java\apache-maven-3.6.3\repository\org\projectlombok\lombok\1.18.12\lombok-1.18.12.jar;F:\Java\apache-maven-3.6.3\repository\com\baomidou\mybatis-plus-boot-starter\3.5.2\mybatis-plus-boot-starter-3.5.2.jar;F:\Java\apache-maven-3.6.3\repository\com\baomidou\mybatis-plus\3.5.2\mybatis-plus-3.5.2.jar;F:\Java\apache-maven-3.6.3\repository\com\baomidou\mybatis-plus-extension\3.5.2\mybatis-plus-extension-3.5.2.jar;F:\Java\apache-maven-3.6.3\repository\com\baomidou\mybatis-plus-core\3.5.2\mybatis-plus-core-3.5.2.jar;F:\Java\apache-maven-3.6.3\repository\com\baomidou\mybatis-plus-annotation\3.5.2\mybatis-plus-annotation-3.5.2.jar;F:\Java\apache-maven-3.6.3\repository\com\github\jsqlparser\jsqlparser\4.4\jsqlparser-4.4.jar;F:\Java\apache-maven-3.6.3\repository\org\mybatis\mybatis\3.5.10\mybatis-3.5.10.jar;F:\Java\apache-maven-3.6.3\repository\org\mybatis\mybatis-spring\2.0.7\mybatis-spring-2.0.7.jar;F:\Java\apache-maven-3.6.3\repository\org\jetbrains\kotlin\kotlin-stdlib-jdk8\1.3.72\kotlin-stdlib-jdk8-1.3.72.jar;F:\Java\apache-maven-3.6.3\repository\org\jetbrains\kotlin\kotlin-stdlib\1.3.72\kotlin-stdlib-1.3.72.jar;F:\Java\apache-maven-3.6.3\repository\org\jetbrains\kotlin\kotlin-stdlib-common\1.3.72\kotlin-stdlib-common-1.3.72.jar;F:\Java\apache-maven-3.6.3\repository\org\jetbrains\annotations\13.0\annotations-13.0.jar;F:\Java\apache-maven-3.6.3\repository\org\jetbrains\kotlin\kotlin-stdlib-jdk7\1.3.72\kotlin-stdlib-jdk7-1.3.72.jar;F:\Java\apache-maven-3.6.3\repository\org\springframework\boot\spring-boot-starter-jdbc\2.3.3.RELEASE\spring-boot-starter-jdbc-2.3.3.RELEASE.jar;F:\Java\apache-maven-3.6.3\repository\com\zaxxer\HikariCP\3.4.5\HikariCP-3.4.5.jar;F:\Java\apache-maven-3.6.3\repository\org\springframework\spring-jdbc\5.2.8.RELEASE\spring-jdbc-5.2.8.RELEASE.jar;F:\Java\apache-maven-3.6.3\repository\org\mindrot\jbcrypt\0.4\jbcrypt-0.4.jar;F:\Java\apache-maven-3.6.3\repository\org\elasticsearch\elasticsearch\6.5.4\elasticsearch-6.5.4.jar;F:\Java\apache-maven-3.6.3\repository\org\elasticsearch\elasticsearch-core\6.5.4\elasticsearch-core-6.5.4.jar;F:\Java\apache-maven-3.6.3\repository\org\elasticsearch\elasticsearch-secure-sm\6.5.4\elasticsearch-secure-sm-6.5.4.jar;F:\Java\apache-maven-3.6.3\repository\org\elasticsearch\elasticsearch-x-content\6.5.4\elasticsearch-x-content-6.5.4.jar;F:\Java\apache-maven-3.6.3\repository\com\fasterxml\jackson\dataformat\jackson-dataformat-smile\2.11.2\jackson-dataformat-smile-2.11.2.jar;F:\Java\apache-maven-3.6.3\repository\com\fasterxml\jackson\dataformat\jackson-dataformat-yaml\2.11.2\jackson-dataformat-yaml-2.11.2.jar;F:\Java\apache-maven-3.6.3\repository\com\fasterxml\jackson\dataformat\jackson-dataformat-cbor\2.11.2\jackson-dataformat-cbor-2.11.2.jar;F:\Java\apache-maven-3.6.3\repository\org\apache\lucene\lucene-core\7.5.0\lucene-core-7.5.0.jar;F:\Java\apache-maven-3.6.3\repository\org\apache\lucene\lucene-analyzers-common\7.5.0\lucene-analyzers-common-7.5.0.jar;F:\Java\apache-maven-3.6.3\repository\org\apache\lucene\lucene-backward-codecs\7.5.0\lucene-backward-codecs-7.5.0.jar;F:\Java\apache-maven-3.6.3\repository\org\apache\lucene\lucene-grouping\7.5.0\lucene-grouping-7.5.0.jar;F:\Java\apache-maven-3.6.3\repository\org\apache\lucene\lucene-highlighter\7.5.0\lucene-highlighter-7.5.0.jar;F:\Java\apache-maven-3.6.3\repository\org\apache\lucene\lucene-join\7.5.0\lucene-join-7.5.0.jar;F:\Java\apache-maven-3.6.3\repository\org\apache\lucene\lucene-memory\7.5.0\lucene-memory-7.5.0.jar;F:\Java\apache-maven-3.6.3\repository\org\apache\lucene\lucene-misc\7.5.0\lucene-misc-7.5.0.jar;F:\Java\apache-maven-3.6.3\repository\org\apache\lucene\lucene-queries\7.5.0\lucene-queries-7.5.0.jar;F:\Java\apache-maven-3.6.3\repository\org\apache\lucene\lucene-queryparser\7.5.0\lucene-queryparser-7.5.0.jar;F:\Java\apache-maven-3.6.3\repository\org\apache\lucene\lucene-sandbox\7.5.0\lucene-sandbox-7.5.0.jar;F:\Java\apache-maven-3.6.3\repository\org\apache\lucene\lucene-spatial\7.5.0\lucene-spatial-7.5.0.jar;F:\Java\apache-maven-3.6.3\repository\org\apache\lucene\lucene-spatial-extras\7.5.0\lucene-spatial-extras-7.5.0.jar;F:\Java\apache-maven-3.6.3\repository\org\apache\lucene\lucene-spatial3d\7.5.0\lucene-spatial3d-7.5.0.jar;F:\Java\apache-maven-3.6.3\repository\org\apache\lucene\lucene-suggest\7.5.0\lucene-suggest-7.5.0.jar;F:\Java\apache-maven-3.6.3\repository\org\elasticsearch\elasticsearch-cli\6.5.4\elasticsearch-cli-6.5.4.jar;F:\Java\apache-maven-3.6.3\repository\net\sf\jopt-simple\jopt-simple\5.0.2\jopt-simple-5.0.2.jar;F:\Java\apache-maven-3.6.3\repository\com\carrotsearch\hppc\0.7.1\hppc-0.7.1.jar;F:\Java\apache-maven-3.6.3\repository\joda-time\joda-time\2.10.1\joda-time-2.10.1.jar;F:\Java\apache-maven-3.6.3\repository\com\tdunning\t-digest\3.2\t-digest-3.2.jar;F:\Java\apache-maven-3.6.3\repository\org\hdrhistogram\HdrHistogram\2.1.9\HdrHistogram-2.1.9.jar;F:\Java\apache-maven-3.6.3\repository\org\apache\logging\log4j\log4j-api\2.13.3\log4j-api-2.13.3.jar;F:\Java\apache-maven-3.6.3\repository\org\elasticsearch\jna\4.5.1\jna-4.5.1.jar;F:\Java\apache-maven-3.6.3\repository\org\elasticsearch\client\elasticsearch-rest-high-level-client\6.5.4\elasticsearch-rest-high-level-client-6.5.4.jar;F:\Java\apache-maven-3.6.3\repository\org\elasticsearch\client\elasticsearch-rest-client\7.6.2\elasticsearch-rest-client-7.6.2.jar;F:\Java\apache-maven-3.6.3\repository\org\apache\httpcomponents\httpcore\4.4.13\httpcore-4.4.13.jar;F:\Java\apache-maven-3.6.3\repository\org\apache\httpcomponents\httpasyncclient\4.1.4\httpasyncclient-4.1.4.jar;F:\Java\apache-maven-3.6.3\repository\org\apache\httpcomponents\httpcore-nio\4.4.13\httpcore-nio-4.4.13.jar;F:\Java\apache-maven-3.6.3\repository\commons-codec\commons-codec\1.14\commons-codec-1.14.jar;F:\Java\apache-maven-3.6.3\repository\org\elasticsearch\plugin\parent-join-client\6.5.4\parent-join-client-6.5.4.jar;F:\Java\apache-maven-3.6.3\repository\org\elasticsearch\plugin\aggs-matrix-stats-client\6.5.4\aggs-matrix-stats-client-6.5.4.jar;F:\Java\apache-maven-3.6.3\repository\org\elasticsearch\plugin\rank-eval-client\6.5.4\rank-eval-client-6.5.4.jar;F:\Java\apache-maven-3.6.3\repository\org\elasticsearch\plugin\lang-mustache-client\6.5.4\lang-mustache-client-6.5.4.jar;F:\Java\apache-maven-3.6.3\repository\com\github\spullara\mustache\java\compiler\0.9.3\compiler-0.9.3.jar;F:\Java\apache-maven-3.6.3\repository\com\google\code\gson\gson\2.8.6\gson-2.8.6.jar;F:\Java\apache-maven-3.6.3\repository\com\by\shop-feign\1.0-SNAPSHOT\shop-feign-1.0-SNAPSHOT.jar;F:\Java\apache-maven-3.6.3\repository\org\springframework\cloud\spring-cloud-starter-openfeign\2.2.4.RELEASE\spring-cloud-starter-openfeign-2.2.4.RELEASE.jar;F:\Java\apache-maven-3.6.3\repository\org\springframework\cloud\spring-cloud-openfeign-core\2.2.4.RELEASE\spring-cloud-openfeign-core-2.2.4.RELEASE.jar;F:\Java\apache-maven-3.6.3\repository\io\github\openfeign\form\feign-form-spring\3.8.0\feign-form-spring-3.8.0.jar;F:\Java\apache-maven-3.6.3\repository\io\github\openfeign\form\feign-form\3.8.0\feign-form-3.8.0.jar;F:\Java\apache-maven-3.6.3\repository\commons-fileupload\commons-fileupload\1.4\commons-fileupload-1.4.jar;F:\Java\apache-maven-3.6.3\repository\commons-io\commons-io\2.2\commons-io-2.2.jar;F:\Java\apache-maven-3.6.3\repository\io\github\openfeign\feign-core\10.10.1\feign-core-10.10.1.jar;F:\Java\apache-maven-3.6.3\repository\io\github\openfeign\feign-slf4j\10.10.1\feign-slf4j-10.10.1.jar;F:\Java\apache-maven-3.6.3\repository\io\github\openfeign\feign-hystrix\10.10.1\feign-hystrix-10.10.1.jar;F:\Java\apache-maven-3.6.3\repository\commons-beanutils\commons-beanutils\1.9.3\commons-beanutils-1.9.3.jar;F:\Java\apache-maven-3.6.3\repository\commons-logging\commons-logging\1.2\commons-logging-1.2.jar;F:\Java\apache-maven-3.6.3\repository\commons-collections\commons-collections\3.2.2\commons-collections-3.2.2.jar;"/>
    <property name="java.vm.vendor" value="Oracle Corporation"/>
    <property name="sun.arch.data.model" value="64"/>
    <property name="user.variant" value=""/>
    <property name="java.vendor.url" value="http://java.oracle.com/"/>
    <property name="user.timezone" value="Asia/Shanghai"/>
    <property name="java.vm.specification.version" value="1.8"/>
    <property name="os.name" value="Windows 11"/>
    <property name="user.country" value="CN"/>
    <property name="sun.java.launcher" value="SUN_STANDARD"/>
    <property name="sun.boot.library.path" value="C:\Java\jre\bin"/>
    <property name="sun.java.command" value="C:\Users\ASUS\AppData\Local\Temp\surefire8673272706736955305\surefirebooter2957572695654209936.jar C:\Users\ASUS\AppData\Local\Temp\surefire8673272706736955305 2023-06-20T18-32-07_964-jvmRun1 surefire4697313206707496613tmp surefire_05351531237356296686tmp"/>
    <property name="surefire.test.class.path" value="D:\shoe-city\shop-search\target\test-classes;D:\shoe-city\shop-search\target\classes;F:\Java\apache-maven-3.6.3\repository\org\springframework\boot\spring-boot-starter-amqp\2.3.3.RELEASE\spring-boot-starter-amqp-2.3.3.RELEASE.jar;F:\Java\apache-maven-3.6.3\repository\org\springframework\boot\spring-boot-starter\2.3.3.RELEASE\spring-boot-starter-2.3.3.RELEASE.jar;F:\Java\apache-maven-3.6.3\repository\org\springframework\boot\spring-boot\2.3.3.RELEASE\spring-boot-2.3.3.RELEASE.jar;F:\Java\apache-maven-3.6.3\repository\org\springframework\boot\spring-boot-autoconfigure\2.3.3.RELEASE\spring-boot-autoconfigure-2.3.3.RELEASE.jar;F:\Java\apache-maven-3.6.3\repository\org\springframework\boot\spring-boot-starter-logging\2.3.3.RELEASE\spring-boot-starter-logging-2.3.3.RELEASE.jar;F:\Java\apache-maven-3.6.3\repository\ch\qos\logback\logback-classic\1.2.3\logback-classic-1.2.3.jar;F:\Java\apache-maven-3.6.3\repository\ch\qos\logback\logback-core\1.2.3\logback-core-1.2.3.jar;F:\Java\apache-maven-3.6.3\repository\org\apache\logging\log4j\log4j-to-slf4j\2.13.3\log4j-to-slf4j-2.13.3.jar;F:\Java\apache-maven-3.6.3\repository\org\slf4j\jul-to-slf4j\1.7.30\jul-to-slf4j-1.7.30.jar;F:\Java\apache-maven-3.6.3\repository\jakarta\annotation\jakarta.annotation-api\1.3.5\jakarta.annotation-api-1.3.5.jar;F:\Java\apache-maven-3.6.3\repository\org\yaml\snakeyaml\1.26\snakeyaml-1.26.jar;F:\Java\apache-maven-3.6.3\repository\org\springframework\spring-messaging\5.2.8.RELEASE\spring-messaging-5.2.8.RELEASE.jar;F:\Java\apache-maven-3.6.3\repository\org\springframework\spring-beans\5.2.8.RELEASE\spring-beans-5.2.8.RELEASE.jar;F:\Java\apache-maven-3.6.3\repository\org\springframework\amqp\spring-rabbit\2.2.10.RELEASE\spring-rabbit-2.2.10.RELEASE.jar;F:\Java\apache-maven-3.6.3\repository\com\rabbitmq\amqp-client\5.9.0\amqp-client-5.9.0.jar;F:\Java\apache-maven-3.6.3\repository\org\springframework\amqp\spring-amqp\2.2.10.RELEASE\spring-amqp-2.2.10.RELEASE.jar;F:\Java\apache-maven-3.6.3\repository\org\springframework\retry\spring-retry\1.2.5.RELEASE\spring-retry-1.2.5.RELEASE.jar;F:\Java\apache-maven-3.6.3\repository\org\springframework\spring-context\5.2.8.RELEASE\spring-context-5.2.8.RELEASE.jar;F:\Java\apache-maven-3.6.3\repository\org\springframework\spring-tx\5.2.8.RELEASE\spring-tx-5.2.8.RELEASE.jar;F:\Java\apache-maven-3.6.3\repository\org\springframework\cloud\spring-cloud-starter-config\2.2.4.RELEASE\spring-cloud-starter-config-2.2.4.RELEASE.jar;F:\Java\apache-maven-3.6.3\repository\org\springframework\cloud\spring-cloud-starter\2.2.4.RELEASE\spring-cloud-starter-2.2.4.RELEASE.jar;F:\Java\apache-maven-3.6.3\repository\org\springframework\cloud\spring-cloud-context\2.2.4.RELEASE\spring-cloud-context-2.2.4.RELEASE.jar;F:\Java\apache-maven-3.6.3\repository\org\springframework\security\spring-security-crypto\5.3.4.RELEASE\spring-security-crypto-5.3.4.RELEASE.jar;F:\Java\apache-maven-3.6.3\repository\org\springframework\cloud\spring-cloud-commons\2.2.4.RELEASE\spring-cloud-commons-2.2.4.RELEASE.jar;F:\Java\apache-maven-3.6.3\repository\org\springframework\security\spring-security-rsa\1.0.9.RELEASE\spring-security-rsa-1.0.9.RELEASE.jar;F:\Java\apache-maven-3.6.3\repository\org\bouncycastle\bcpkix-jdk15on\1.64\bcpkix-jdk15on-1.64.jar;F:\Java\apache-maven-3.6.3\repository\org\bouncycastle\bcprov-jdk15on\1.64\bcprov-jdk15on-1.64.jar;F:\Java\apache-maven-3.6.3\repository\org\springframework\cloud\spring-cloud-config-client\2.2.4.RELEASE\spring-cloud-config-client-2.2.4.RELEASE.jar;F:\Java\apache-maven-3.6.3\repository\com\fasterxml\jackson\core\jackson-annotations\2.11.2\jackson-annotations-2.11.2.jar;F:\Java\apache-maven-3.6.3\repository\com\fasterxml\jackson\core\jackson-databind\2.11.2\jackson-databind-2.11.2.jar;F:\Java\apache-maven-3.6.3\repository\com\fasterxml\jackson\core\jackson-core\2.11.2\jackson-core-2.11.2.jar;F:\Java\apache-maven-3.6.3\repository\org\springframework\cloud\spring-cloud-starter-netflix-eureka-client\2.2.4.RELEASE\spring-cloud-starter-netflix-eureka-client-2.2.4.RELEASE.jar;F:\Java\apache-maven-3.6.3\repository\org\springframework\cloud\spring-cloud-netflix-hystrix\2.2.4.RELEASE\spring-cloud-netflix-hystrix-2.2.4.RELEASE.jar;F:\Java\apache-maven-3.6.3\repository\org\springframework\boot\spring-boot-starter-aop\2.3.3.RELEASE\spring-boot-starter-aop-2.3.3.RELEASE.jar;F:\Java\apache-maven-3.6.3\repository\org\aspectj\aspectjweaver\1.9.6\aspectjweaver-1.9.6.jar;F:\Java\apache-maven-3.6.3\repository\org\springframework\cloud\spring-cloud-netflix-eureka-client\2.2.4.RELEASE\spring-cloud-netflix-eureka-client-2.2.4.RELEASE.jar;F:\Java\apache-maven-3.6.3\repository\com\netflix\eureka\eureka-client\1.9.25\eureka-client-1.9.25.jar;F:\Java\apache-maven-3.6.3\repository\org\codehaus\jettison\jettison\1.3.7\jettison-1.3.7.jar;F:\Java\apache-maven-3.6.3\repository\stax\stax-api\1.0.1\stax-api-1.0.1.jar;F:\Java\apache-maven-3.6.3\repository\com\netflix\netflix-commons\netflix-eventbus\0.3.0\netflix-eventbus-0.3.0.jar;F:\Java\apache-maven-3.6.3\repository\com\netflix\netflix-commons\netflix-infix\0.3.0\netflix-infix-0.3.0.jar;F:\Java\apache-maven-3.6.3\repository\commons-jxpath\commons-jxpath\1.3\commons-jxpath-1.3.jar;F:\Java\apache-maven-3.6.3\repository\org\antlr\antlr-runtime\3.4\antlr-runtime-3.4.jar;F:\Java\apache-maven-3.6.3\repository\org\antlr\stringtemplate\3.2.1\stringtemplate-3.2.1.jar;F:\Java\apache-maven-3.6.3\repository\antlr\antlr\2.7.7\antlr-2.7.7.jar;F:\Java\apache-maven-3.6.3\repository\org\apache\commons\commons-math\2.2\commons-math-2.2.jar;F:\Java\apache-maven-3.6.3\repository\com\netflix\archaius\archaius-core\0.7.6\archaius-core-0.7.6.jar;F:\Java\apache-maven-3.6.3\repository\com\google\guava\guava\29.0-jre\guava-29.0-jre.jar;F:\Java\apache-maven-3.6.3\repository\com\google\guava\failureaccess\1.0.1\failureaccess-1.0.1.jar;F:\Java\apache-maven-3.6.3\repository\com\google\guava\listenablefuture\9999.0-empty-to-avoid-conflict-with-guava\listenablefuture-9999.0-empty-to-avoid-conflict-with-guava.jar;F:\Java\apache-maven-3.6.3\repository\org\checkerframework\checker-qual\2.11.1\checker-qual-2.11.1.jar;F:\Java\apache-maven-3.6.3\repository\com\google\errorprone\error_prone_annotations\2.3.4\error_prone_annotations-2.3.4.jar;F:\Java\apache-maven-3.6.3\repository\com\google\j2objc\j2objc-annotations\1.3\j2objc-annotations-1.3.jar;F:\Java\apache-maven-3.6.3\repository\javax\ws\rs\jsr311-api\1.1.1\jsr311-api-1.1.1.jar;F:\Java\apache-maven-3.6.3\repository\com\netflix\servo\servo-core\0.12.21\servo-core-0.12.21.jar;F:\Java\apache-maven-3.6.3\repository\com\sun\jersey\jersey-core\1.19.1\jersey-core-1.19.1.jar;F:\Java\apache-maven-3.6.3\repository\com\sun\jersey\jersey-client\1.19.1\jersey-client-1.19.1.jar;F:\Java\apache-maven-3.6.3\repository\com\sun\jersey\contribs\jersey-apache-client4\1.19.1\jersey-apache-client4-1.19.1.jar;F:\Java\apache-maven-3.6.3\repository\org\apache\httpcomponents\httpclient\4.5.12\httpclient-4.5.12.jar;F:\Java\apache-maven-3.6.3\repository\commons-configuration\commons-configuration\1.10\commons-configuration-1.10.jar;F:\Java\apache-maven-3.6.3\repository\commons-lang\commons-lang\2.6\commons-lang-2.6.jar;F:\Java\apache-maven-3.6.3\repository\com\google\inject\guice\4.1.0\guice-4.1.0.jar;F:\Java\apache-maven-3.6.3\repository\javax\inject\javax.inject\1\javax.inject-1.jar;F:\Java\apache-maven-3.6.3\repository\aopalliance\aopalliance\1.0\aopalliance-1.0.jar;F:\Java\apache-maven-3.6.3\repository\com\netflix\eureka\eureka-core\1.9.25\eureka-core-1.9.25.jar;F:\Java\apache-maven-3.6.3\repository\com\fasterxml\woodstox\woodstox-core\5.3.0\woodstox-core-5.3.0.jar;F:\Java\apache-maven-3.6.3\repository\org\codehaus\woodstox\stax2-api\4.2\stax2-api-4.2.jar;F:\Java\apache-maven-3.6.3\repository\org\springframework\cloud\spring-cloud-starter-netflix-archaius\2.2.4.RELEASE\spring-cloud-starter-netflix-archaius-2.2.4.RELEASE.jar;F:\Java\apache-maven-3.6.3\repository\org\springframework\cloud\spring-cloud-netflix-ribbon\2.2.4.RELEASE\spring-cloud-netflix-ribbon-2.2.4.RELEASE.jar;F:\Java\apache-maven-3.6.3\repository\org\springframework\cloud\spring-cloud-netflix-archaius\2.2.4.RELEASE\spring-cloud-netflix-archaius-2.2.4.RELEASE.jar;F:\Java\apache-maven-3.6.3\repository\org\springframework\cloud\spring-cloud-starter-netflix-ribbon\2.2.4.RELEASE\spring-cloud-starter-netflix-ribbon-2.2.4.RELEASE.jar;F:\Java\apache-maven-3.6.3\repository\com\netflix\ribbon\ribbon\2.3.0\ribbon-2.3.0.jar;F:\Java\apache-maven-3.6.3\repository\com\netflix\ribbon\ribbon-transport\2.3.0\ribbon-transport-2.3.0.jar;F:\Java\apache-maven-3.6.3\repository\io\reactivex\rxnetty-contexts\0.4.9\rxnetty-contexts-0.4.9.jar;F:\Java\apache-maven-3.6.3\repository\io\reactivex\rxnetty-servo\0.4.9\rxnetty-servo-0.4.9.jar;F:\Java\apache-maven-3.6.3\repository\com\netflix\hystrix\hystrix-core\1.5.18\hystrix-core-1.5.18.jar;F:\Java\apache-maven-3.6.3\repository\io\reactivex\rxnetty\0.4.9\rxnetty-0.4.9.jar;F:\Java\apache-maven-3.6.3\repository\com\netflix\ribbon\ribbon-core\2.3.0\ribbon-core-2.3.0.jar;F:\Java\apache-maven-3.6.3\repository\com\netflix\ribbon\ribbon-httpclient\2.3.0\ribbon-httpclient-2.3.0.jar;F:\Java\apache-maven-3.6.3\repository\com\netflix\netflix-commons\netflix-commons-util\0.3.0\netflix-commons-util-0.3.0.jar;F:\Java\apache-maven-3.6.3\repository\com\netflix\ribbon\ribbon-loadbalancer\2.3.0\ribbon-loadbalancer-2.3.0.jar;F:\Java\apache-maven-3.6.3\repository\com\netflix\netflix-commons\netflix-statistics\0.1.1\netflix-statistics-0.1.1.jar;F:\Java\apache-maven-3.6.3\repository\io\reactivex\rxjava\1.3.8\rxjava-1.3.8.jar;F:\Java\apache-maven-3.6.3\repository\org\springframework\cloud\spring-cloud-starter-loadbalancer\2.2.4.RELEASE\spring-cloud-starter-loadbalancer-2.2.4.RELEASE.jar;F:\Java\apache-maven-3.6.3\repository\org\springframework\cloud\spring-cloud-loadbalancer\2.2.4.RELEASE\spring-cloud-loadbalancer-2.2.4.RELEASE.jar;F:\Java\apache-maven-3.6.3\repository\org\springframework\boot\spring-boot-starter-validation\2.3.3.RELEASE\spring-boot-starter-validation-2.3.3.RELEASE.jar;F:\Java\apache-maven-3.6.3\repository\org\hibernate\validator\hibernate-validator\6.1.5.Final\hibernate-validator-6.1.5.Final.jar;F:\Java\apache-maven-3.6.3\repository\jakarta\validation\jakarta.validation-api\2.0.2\jakarta.validation-api-2.0.2.jar;F:\Java\apache-maven-3.6.3\repository\org\jboss\logging\jboss-logging\3.4.1.Final\jboss-logging-3.4.1.Final.jar;F:\Java\apache-maven-3.6.3\repository\com\fasterxml\classmate\1.5.1\classmate-1.5.1.jar;F:\Java\apache-maven-3.6.3\repository\io\projectreactor\reactor-core\3.3.9.RELEASE\reactor-core-3.3.9.RELEASE.jar;F:\Java\apache-maven-3.6.3\repository\org\reactivestreams\reactive-streams\1.0.3\reactive-streams-1.0.3.jar;F:\Java\apache-maven-3.6.3\repository\io\projectreactor\addons\reactor-extra\3.3.3.RELEASE\reactor-extra-3.3.3.RELEASE.jar;F:\Java\apache-maven-3.6.3\repository\org\springframework\boot\spring-boot-starter-cache\2.3.3.RELEASE\spring-boot-starter-cache-2.3.3.RELEASE.jar;F:\Java\apache-maven-3.6.3\repository\org\springframework\spring-context-support\5.2.8.RELEASE\spring-context-support-5.2.8.RELEASE.jar;F:\Java\apache-maven-3.6.3\repository\com\stoyanr\evictor\1.0.0\evictor-1.0.0.jar;F:\Java\apache-maven-3.6.3\repository\com\netflix\ribbon\ribbon-eureka\2.3.0\ribbon-eureka-2.3.0.jar;F:\Java\apache-maven-3.6.3\repository\org\slf4j\slf4j-api\1.7.30\slf4j-api-1.7.30.jar;F:\Java\apache-maven-3.6.3\repository\com\thoughtworks\xstream\xstream\1.4.11.1\xstream-1.4.11.1.jar;F:\Java\apache-maven-3.6.3\repository\xmlpull\xmlpull\1.1.3.1\xmlpull-1.1.3.1.jar;F:\Java\apache-maven-3.6.3\repository\xpp3\xpp3_min\1.1.4c\xpp3_min-1.1.4c.jar;F:\Java\apache-maven-3.6.3\repository\org\springframework\boot\spring-boot-starter-test\2.3.3.RELEASE\spring-boot-starter-test-2.3.3.RELEASE.jar;F:\Java\apache-maven-3.6.3\repository\org\springframework\boot\spring-boot-test\2.3.3.RELEASE\spring-boot-test-2.3.3.RELEASE.jar;F:\Java\apache-maven-3.6.3\repository\org\springframework\boot\spring-boot-test-autoconfigure\2.3.3.RELEASE\spring-boot-test-autoconfigure-2.3.3.RELEASE.jar;F:\Java\apache-maven-3.6.3\repository\com\jayway\jsonpath\json-path\2.4.0\json-path-2.4.0.jar;F:\Java\apache-maven-3.6.3\repository\net\minidev\json-smart\2.3\json-smart-2.3.jar;F:\Java\apache-maven-3.6.3\repository\net\minidev\accessors-smart\1.2\accessors-smart-1.2.jar;F:\Java\apache-maven-3.6.3\repository\org\ow2\asm\asm\5.0.4\asm-5.0.4.jar;F:\Java\apache-maven-3.6.3\repository\jakarta\xml\bind\jakarta.xml.bind-api\2.3.3\jakarta.xml.bind-api-2.3.3.jar;F:\Java\apache-maven-3.6.3\repository\jakarta\activation\jakarta.activation-api\1.2.2\jakarta.activation-api-1.2.2.jar;F:\Java\apache-maven-3.6.3\repository\org\assertj\assertj-core\3.16.1\assertj-core-3.16.1.jar;F:\Java\apache-maven-3.6.3\repository\org\hamcrest\hamcrest\2.2\hamcrest-2.2.jar;F:\Java\apache-maven-3.6.3\repository\org\junit\jupiter\junit-jupiter\5.6.2\junit-jupiter-5.6.2.jar;F:\Java\apache-maven-3.6.3\repository\org\junit\jupiter\junit-jupiter-api\5.6.2\junit-jupiter-api-5.6.2.jar;F:\Java\apache-maven-3.6.3\repository\org\opentest4j\opentest4j\1.2.0\opentest4j-1.2.0.jar;F:\Java\apache-maven-3.6.3\repository\org\junit\platform\junit-platform-commons\1.6.2\junit-platform-commons-1.6.2.jar;F:\Java\apache-maven-3.6.3\repository\org\junit\jupiter\junit-jupiter-params\5.6.2\junit-jupiter-params-5.6.2.jar;F:\Java\apache-maven-3.6.3\repository\org\junit\jupiter\junit-jupiter-engine\5.6.2\junit-jupiter-engine-5.6.2.jar;F:\Java\apache-maven-3.6.3\repository\org\junit\vintage\junit-vintage-engine\5.6.2\junit-vintage-engine-5.6.2.jar;F:\Java\apache-maven-3.6.3\repository\org\apiguardian\apiguardian-api\1.1.0\apiguardian-api-1.1.0.jar;F:\Java\apache-maven-3.6.3\repository\org\junit\platform\junit-platform-engine\1.6.2\junit-platform-engine-1.6.2.jar;F:\Java\apache-maven-3.6.3\repository\junit\junit\4.13\junit-4.13.jar;F:\Java\apache-maven-3.6.3\repository\org\mockito\mockito-core\3.3.3\mockito-core-3.3.3.jar;F:\Java\apache-maven-3.6.3\repository\net\bytebuddy\byte-buddy\1.10.14\byte-buddy-1.10.14.jar;F:\Java\apache-maven-3.6.3\repository\net\bytebuddy\byte-buddy-agent\1.10.14\byte-buddy-agent-1.10.14.jar;F:\Java\apache-maven-3.6.3\repository\org\objenesis\objenesis\2.6\objenesis-2.6.jar;F:\Java\apache-maven-3.6.3\repository\org\mockito\mockito-junit-jupiter\3.3.3\mockito-junit-jupiter-3.3.3.jar;F:\Java\apache-maven-3.6.3\repository\org\skyscreamer\jsonassert\1.5.0\jsonassert-1.5.0.jar;F:\Java\apache-maven-3.6.3\repository\com\vaadin\external\google\android-json\0.0.20131108.vaadin1\android-json-0.0.20131108.vaadin1.jar;F:\Java\apache-maven-3.6.3\repository\org\springframework\spring-core\5.2.8.RELEASE\spring-core-5.2.8.RELEASE.jar;F:\Java\apache-maven-3.6.3\repository\org\springframework\spring-jcl\5.2.8.RELEASE\spring-jcl-5.2.8.RELEASE.jar;F:\Java\apache-maven-3.6.3\repository\org\springframework\spring-test\5.2.8.RELEASE\spring-test-5.2.8.RELEASE.jar;F:\Java\apache-maven-3.6.3\repository\org\xmlunit\xmlunit-core\2.7.0\xmlunit-core-2.7.0.jar;F:\Java\apache-maven-3.6.3\repository\org\springframework\amqp\spring-rabbit-test\2.2.10.RELEASE\spring-rabbit-test-2.2.10.RELEASE.jar;F:\Java\apache-maven-3.6.3\repository\org\hamcrest\hamcrest-core\2.2\hamcrest-core-2.2.jar;F:\Java\apache-maven-3.6.3\repository\org\hamcrest\hamcrest-library\2.2\hamcrest-library-2.2.jar;F:\Java\apache-maven-3.6.3\repository\org\springframework\amqp\spring-rabbit-junit\2.2.10.RELEASE\spring-rabbit-junit-2.2.10.RELEASE.jar;F:\Java\apache-maven-3.6.3\repository\com\rabbitmq\http-client\3.2.0.RELEASE\http-client-3.2.0.RELEASE.jar;F:\Java\apache-maven-3.6.3\repository\org\springframework\boot\spring-boot-starter-web\2.3.3.RELEASE\spring-boot-starter-web-2.3.3.RELEASE.jar;F:\Java\apache-maven-3.6.3\repository\org\springframework\boot\spring-boot-starter-json\2.3.3.RELEASE\spring-boot-starter-json-2.3.3.RELEASE.jar;F:\Java\apache-maven-3.6.3\repository\com\fasterxml\jackson\datatype\jackson-datatype-jdk8\2.11.2\jackson-datatype-jdk8-2.11.2.jar;F:\Java\apache-maven-3.6.3\repository\com\fasterxml\jackson\datatype\jackson-datatype-jsr310\2.11.2\jackson-datatype-jsr310-2.11.2.jar;F:\Java\apache-maven-3.6.3\repository\com\fasterxml\jackson\module\jackson-module-parameter-names\2.11.2\jackson-module-parameter-names-2.11.2.jar;F:\Java\apache-maven-3.6.3\repository\org\springframework\boot\spring-boot-starter-tomcat\2.3.3.RELEASE\spring-boot-starter-tomcat-2.3.3.RELEASE.jar;F:\Java\apache-maven-3.6.3\repository\org\apache\tomcat\embed\tomcat-embed-core\9.0.37\tomcat-embed-core-9.0.37.jar;F:\Java\apache-maven-3.6.3\repository\org\glassfish\jakarta.el\3.0.3\jakarta.el-3.0.3.jar;F:\Java\apache-maven-3.6.3\repository\org\apache\tomcat\embed\tomcat-embed-websocket\9.0.37\tomcat-embed-websocket-9.0.37.jar;F:\Java\apache-maven-3.6.3\repository\org\springframework\spring-web\5.2.8.RELEASE\spring-web-5.2.8.RELEASE.jar;F:\Java\apache-maven-3.6.3\repository\org\springframework\spring-webmvc\5.2.8.RELEASE\spring-webmvc-5.2.8.RELEASE.jar;F:\Java\apache-maven-3.6.3\repository\org\springframework\spring-aop\5.2.8.RELEASE\spring-aop-5.2.8.RELEASE.jar;F:\Java\apache-maven-3.6.3\repository\org\springframework\spring-expression\5.2.8.RELEASE\spring-expression-5.2.8.RELEASE.jar;F:\Java\apache-maven-3.6.3\repository\com\by\shop-common\1.0-SNAPSHOT\shop-common-1.0-SNAPSHOT.jar;F:\Java\apache-maven-3.6.3\repository\com\by\shop-entity\1.0-SNAPSHOT\shop-entity-1.0-SNAPSHOT.jar;F:\Java\apache-maven-3.6.3\repository\org\projectlombok\lombok\1.18.12\lombok-1.18.12.jar;F:\Java\apache-maven-3.6.3\repository\com\baomidou\mybatis-plus-boot-starter\3.5.2\mybatis-plus-boot-starter-3.5.2.jar;F:\Java\apache-maven-3.6.3\repository\com\baomidou\mybatis-plus\3.5.2\mybatis-plus-3.5.2.jar;F:\Java\apache-maven-3.6.3\repository\com\baomidou\mybatis-plus-extension\3.5.2\mybatis-plus-extension-3.5.2.jar;F:\Java\apache-maven-3.6.3\repository\com\baomidou\mybatis-plus-core\3.5.2\mybatis-plus-core-3.5.2.jar;F:\Java\apache-maven-3.6.3\repository\com\baomidou\mybatis-plus-annotation\3.5.2\mybatis-plus-annotation-3.5.2.jar;F:\Java\apache-maven-3.6.3\repository\com\github\jsqlparser\jsqlparser\4.4\jsqlparser-4.4.jar;F:\Java\apache-maven-3.6.3\repository\org\mybatis\mybatis\3.5.10\mybatis-3.5.10.jar;F:\Java\apache-maven-3.6.3\repository\org\mybatis\mybatis-spring\2.0.7\mybatis-spring-2.0.7.jar;F:\Java\apache-maven-3.6.3\repository\org\jetbrains\kotlin\kotlin-stdlib-jdk8\1.3.72\kotlin-stdlib-jdk8-1.3.72.jar;F:\Java\apache-maven-3.6.3\repository\org\jetbrains\kotlin\kotlin-stdlib\1.3.72\kotlin-stdlib-1.3.72.jar;F:\Java\apache-maven-3.6.3\repository\org\jetbrains\kotlin\kotlin-stdlib-common\1.3.72\kotlin-stdlib-common-1.3.72.jar;F:\Java\apache-maven-3.6.3\repository\org\jetbrains\annotations\13.0\annotations-13.0.jar;F:\Java\apache-maven-3.6.3\repository\org\jetbrains\kotlin\kotlin-stdlib-jdk7\1.3.72\kotlin-stdlib-jdk7-1.3.72.jar;F:\Java\apache-maven-3.6.3\repository\org\springframework\boot\spring-boot-starter-jdbc\2.3.3.RELEASE\spring-boot-starter-jdbc-2.3.3.RELEASE.jar;F:\Java\apache-maven-3.6.3\repository\com\zaxxer\HikariCP\3.4.5\HikariCP-3.4.5.jar;F:\Java\apache-maven-3.6.3\repository\org\springframework\spring-jdbc\5.2.8.RELEASE\spring-jdbc-5.2.8.RELEASE.jar;F:\Java\apache-maven-3.6.3\repository\org\mindrot\jbcrypt\0.4\jbcrypt-0.4.jar;F:\Java\apache-maven-3.6.3\repository\org\elasticsearch\elasticsearch\6.5.4\elasticsearch-6.5.4.jar;F:\Java\apache-maven-3.6.3\repository\org\elasticsearch\elasticsearch-core\6.5.4\elasticsearch-core-6.5.4.jar;F:\Java\apache-maven-3.6.3\repository\org\elasticsearch\elasticsearch-secure-sm\6.5.4\elasticsearch-secure-sm-6.5.4.jar;F:\Java\apache-maven-3.6.3\repository\org\elasticsearch\elasticsearch-x-content\6.5.4\elasticsearch-x-content-6.5.4.jar;F:\Java\apache-maven-3.6.3\repository\com\fasterxml\jackson\dataformat\jackson-dataformat-smile\2.11.2\jackson-dataformat-smile-2.11.2.jar;F:\Java\apache-maven-3.6.3\repository\com\fasterxml\jackson\dataformat\jackson-dataformat-yaml\2.11.2\jackson-dataformat-yaml-2.11.2.jar;F:\Java\apache-maven-3.6.3\repository\com\fasterxml\jackson\dataformat\jackson-dataformat-cbor\2.11.2\jackson-dataformat-cbor-2.11.2.jar;F:\Java\apache-maven-3.6.3\repository\org\apache\lucene\lucene-core\7.5.0\lucene-core-7.5.0.jar;F:\Java\apache-maven-3.6.3\repository\org\apache\lucene\lucene-analyzers-common\7.5.0\lucene-analyzers-common-7.5.0.jar;F:\Java\apache-maven-3.6.3\repository\org\apache\lucene\lucene-backward-codecs\7.5.0\lucene-backward-codecs-7.5.0.jar;F:\Java\apache-maven-3.6.3\repository\org\apache\lucene\lucene-grouping\7.5.0\lucene-grouping-7.5.0.jar;F:\Java\apache-maven-3.6.3\repository\org\apache\lucene\lucene-highlighter\7.5.0\lucene-highlighter-7.5.0.jar;F:\Java\apache-maven-3.6.3\repository\org\apache\lucene\lucene-join\7.5.0\lucene-join-7.5.0.jar;F:\Java\apache-maven-3.6.3\repository\org\apache\lucene\lucene-memory\7.5.0\lucene-memory-7.5.0.jar;F:\Java\apache-maven-3.6.3\repository\org\apache\lucene\lucene-misc\7.5.0\lucene-misc-7.5.0.jar;F:\Java\apache-maven-3.6.3\repository\org\apache\lucene\lucene-queries\7.5.0\lucene-queries-7.5.0.jar;F:\Java\apache-maven-3.6.3\repository\org\apache\lucene\lucene-queryparser\7.5.0\lucene-queryparser-7.5.0.jar;F:\Java\apache-maven-3.6.3\repository\org\apache\lucene\lucene-sandbox\7.5.0\lucene-sandbox-7.5.0.jar;F:\Java\apache-maven-3.6.3\repository\org\apache\lucene\lucene-spatial\7.5.0\lucene-spatial-7.5.0.jar;F:\Java\apache-maven-3.6.3\repository\org\apache\lucene\lucene-spatial-extras\7.5.0\lucene-spatial-extras-7.5.0.jar;F:\Java\apache-maven-3.6.3\repository\org\apache\lucene\lucene-spatial3d\7.5.0\lucene-spatial3d-7.5.0.jar;F:\Java\apache-maven-3.6.3\repository\org\apache\lucene\lucene-suggest\7.5.0\lucene-suggest-7.5.0.jar;F:\Java\apache-maven-3.6.3\repository\org\elasticsearch\elasticsearch-cli\6.5.4\elasticsearch-cli-6.5.4.jar;F:\Java\apache-maven-3.6.3\repository\net\sf\jopt-simple\jopt-simple\5.0.2\jopt-simple-5.0.2.jar;F:\Java\apache-maven-3.6.3\repository\com\carrotsearch\hppc\0.7.1\hppc-0.7.1.jar;F:\Java\apache-maven-3.6.3\repository\joda-time\joda-time\2.10.1\joda-time-2.10.1.jar;F:\Java\apache-maven-3.6.3\repository\com\tdunning\t-digest\3.2\t-digest-3.2.jar;F:\Java\apache-maven-3.6.3\repository\org\hdrhistogram\HdrHistogram\2.1.9\HdrHistogram-2.1.9.jar;F:\Java\apache-maven-3.6.3\repository\org\apache\logging\log4j\log4j-api\2.13.3\log4j-api-2.13.3.jar;F:\Java\apache-maven-3.6.3\repository\org\elasticsearch\jna\4.5.1\jna-4.5.1.jar;F:\Java\apache-maven-3.6.3\repository\org\elasticsearch\client\elasticsearch-rest-high-level-client\6.5.4\elasticsearch-rest-high-level-client-6.5.4.jar;F:\Java\apache-maven-3.6.3\repository\org\elasticsearch\client\elasticsearch-rest-client\7.6.2\elasticsearch-rest-client-7.6.2.jar;F:\Java\apache-maven-3.6.3\repository\org\apache\httpcomponents\httpcore\4.4.13\httpcore-4.4.13.jar;F:\Java\apache-maven-3.6.3\repository\org\apache\httpcomponents\httpasyncclient\4.1.4\httpasyncclient-4.1.4.jar;F:\Java\apache-maven-3.6.3\repository\org\apache\httpcomponents\httpcore-nio\4.4.13\httpcore-nio-4.4.13.jar;F:\Java\apache-maven-3.6.3\repository\commons-codec\commons-codec\1.14\commons-codec-1.14.jar;F:\Java\apache-maven-3.6.3\repository\org\elasticsearch\plugin\parent-join-client\6.5.4\parent-join-client-6.5.4.jar;F:\Java\apache-maven-3.6.3\repository\org\elasticsearch\plugin\aggs-matrix-stats-client\6.5.4\aggs-matrix-stats-client-6.5.4.jar;F:\Java\apache-maven-3.6.3\repository\org\elasticsearch\plugin\rank-eval-client\6.5.4\rank-eval-client-6.5.4.jar;F:\Java\apache-maven-3.6.3\repository\org\elasticsearch\plugin\lang-mustache-client\6.5.4\lang-mustache-client-6.5.4.jar;F:\Java\apache-maven-3.6.3\repository\com\github\spullara\mustache\java\compiler\0.9.3\compiler-0.9.3.jar;F:\Java\apache-maven-3.6.3\repository\com\google\code\gson\gson\2.8.6\gson-2.8.6.jar;F:\Java\apache-maven-3.6.3\repository\com\by\shop-feign\1.0-SNAPSHOT\shop-feign-1.0-SNAPSHOT.jar;F:\Java\apache-maven-3.6.3\repository\org\springframework\cloud\spring-cloud-starter-openfeign\2.2.4.RELEASE\spring-cloud-starter-openfeign-2.2.4.RELEASE.jar;F:\Java\apache-maven-3.6.3\repository\org\springframework\cloud\spring-cloud-openfeign-core\2.2.4.RELEASE\spring-cloud-openfeign-core-2.2.4.RELEASE.jar;F:\Java\apache-maven-3.6.3\repository\io\github\openfeign\form\feign-form-spring\3.8.0\feign-form-spring-3.8.0.jar;F:\Java\apache-maven-3.6.3\repository\io\github\openfeign\form\feign-form\3.8.0\feign-form-3.8.0.jar;F:\Java\apache-maven-3.6.3\repository\commons-fileupload\commons-fileupload\1.4\commons-fileupload-1.4.jar;F:\Java\apache-maven-3.6.3\repository\commons-io\commons-io\2.2\commons-io-2.2.jar;F:\Java\apache-maven-3.6.3\repository\io\github\openfeign\feign-core\10.10.1\feign-core-10.10.1.jar;F:\Java\apache-maven-3.6.3\repository\io\github\openfeign\feign-slf4j\10.10.1\feign-slf4j-10.10.1.jar;F:\Java\apache-maven-3.6.3\repository\io\github\openfeign\feign-hystrix\10.10.1\feign-hystrix-10.10.1.jar;F:\Java\apache-maven-3.6.3\repository\commons-beanutils\commons-beanutils\1.9.3\commons-beanutils-1.9.3.jar;F:\Java\apache-maven-3.6.3\repository\commons-logging\commons-logging\1.2\commons-logging-1.2.jar;F:\Java\apache-maven-3.6.3\repository\commons-collections\commons-collections\3.2.2\commons-collections-3.2.2.jar;"/>
    <property name="sun.cpu.endian" value="little"/>
    <property name="user.home" value="C:\Users\ASUS"/>
    <property name="user.language" value="zh"/>
    <property name="java.specification.vendor" value="Oracle Corporation"/>
    <property name="java.home" value="C:\Java\jre"/>
    <property name="basedir" value="D:\shoe-city\shop-search"/>
    <property name="file.separator" value="\"/>
    <property name="line.separator" value="&#10;"/>
    <property name="java.vm.specification.vendor" value="Oracle Corporation"/>
    <property name="java.specification.name" value="Java Platform API Specification"/>
    <property name="java.awt.graphicsenv" value="sun.awt.Win32GraphicsEnvironment"/>
    <property name="surefire.real.class.path" value="C:\Users\ASUS\AppData\Local\Temp\surefire8673272706736955305\surefirebooter2957572695654209936.jar"/>
    <property name="sun.boot.class.path" value="C:\Java\jre\lib\resources.jar;C:\Java\jre\lib\rt.jar;C:\Java\jre\lib\jsse.jar;C:\Java\jre\lib\jce.jar;C:\Java\jre\lib\charsets.jar;C:\Java\jre\lib\jfr.jar;C:\Java\jre\classes"/>
    <property name="user.script" value=""/>
    <property name="sun.management.compiler" value="HotSpot 64-Bit Tiered Compilers"/>
    <property name="java.runtime.version" value="1.8.0_341-b10"/>
    <property name="user.name" value="ASUS"/>
    <property name="path.separator" value=";"/>
    <property name="os.version" value="10.0"/>
    <property name="java.endorsed.dirs" value="C:\Java\jre\lib\endorsed"/>
    <property name="java.runtime.name" value="Java(TM) SE Runtime Environment"/>
    <property name="file.encoding" value="GBK"/>
    <property name="java.vm.name" value="Java HotSpot(TM) 64-Bit Server VM"/>
    <property name="localRepository" value="F:\Java\apache-maven-3.6.3\repository"/>
    <property name="java.vendor.url.bug" value="http://bugreport.sun.com/bugreport/"/>
    <property name="java.io.tmpdir" value="C:\Users\ASUS\AppData\Local\Temp\"/>
    <property name="idea.version" value="2023.1"/>
    <property name="java.version" value="1.8.0_341"/>
    <property name="user.dir" value="D:\shoe-city\shop-search"/>
    <property name="os.arch" value="amd64"/>
    <property name="java.vm.specification.name" value="Java Virtual Machine Specification"/>
    <property name="java.awt.printerjob" value="sun.awt.windows.WPrinterJob"/>
    <property name="sun.os.patch.level" value=""/>
    <property name="java.library.path" value="C:\Java\jre\bin;C:\WINDOWS\Sun\Java\bin;C:\WINDOWS\system32;C:\WINDOWS;D:\VMware\bin\;C:\Program Files\PlasticSCM5\server;C:\Program Files\PlasticSCM5\client;C:\Java\bin;C:\Program Files\Common Files\Oracle\Java\javapath;C:\Program Files (x86)\Common Files\Oracle\Java\javapath;C:\Program Files (x86)\Common Files\Intel\Shared Libraries\redist\intel64\compiler;C:\Windows\system32;C:\Windows;C:\Windows\System32\Wbem;C:\Windows\System32\WindowsPowerShell\v1.0\;C:\Windows\System32\OpenSSH\;C:\Program Files (x86)\NVIDIA Corporation\PhysX\Common;C:\Program Files\NVIDIA Corporation\NVIDIA NvDLISR;C:\WINDOWS\system32;C:\WINDOWS;C:\WINDOWS\System32\Wbem;C:\WINDOWS\System32\WindowsPowerShell\v1.0\;C:\WINDOWS\System32\OpenSSH\;C:\Program Files\MySQL\MySQL Server 5.7\bin;F:\Java\apache-tomcat-6.0.26\lib;F:\Java\apache-tomcat-6.0.26\bin;F:\Java\apache-tomcat-6.0.26\lib\servlet-api.jar;F:\Java\apache-maven-3.8.5\bin;F:\Git\cmd;C:\Program Files\dotnet\;C:\strawberry\c\bin;C:\strawberry\perl\bin;F:\xShell\;F:\xftp\;C:\Program Files\MySQL\MySQL Server 8.0\bin;F:\codecover-batch-1.0;F:\SVN\bin;C:\Users\ASUS\AppData\Local\Yarn\Data\global\node_modules\.bin;F:\Node\;C:\Program Files\Microsoft SQL Server\150\Tools\Binn\;C:\Users\ASUS\AppData\Local\Programs\Python\Python311\Scripts\;C:\Users\ASUS\AppData\Local\Programs\Python\Python311\;C:\Program Files\MySQL\MySQL Shell 8.0\bin\;C:\Users\ASUS\AppData\Local\Microsoft\WindowsApps;D:\IntelliJ IDEA 2023.1\bin;;F:\vscode\Microsoft VS Code\bin;C:\Program Files\Bandizip\;F:\adb\adb;F:\Microsoft VS Code\bin;C:\Users\ASUS\AppData\Local\GitHubDesktop\bin;C:\Users\ASUS\.dotnet\tools;C:\Users\ASUS\AppData\Roaming\npm;."/>
    <property name="java.vm.info" value="mixed mode"/>
    <property name="java.vendor" value="Oracle Corporation"/>
    <property name="java.vm.version" value="25.341-b10"/>
    <property name="java.ext.dirs" value="C:\Java\jre\lib\ext;C:\WINDOWS\Sun\Java\lib\ext"/>
    <property name="sun.io.unicode.encoding" value="UnicodeLittle"/>
    <property name="maven.repo.local" value="F:\Java\apache-maven-3.6.3\repository"/>
    <property name="java.class.version" value="52.0"/>
  </properties>
  <testcase name="contextLoads" classname="com.by.shopsearch.ShopSearchApplicationTests" time="0.008">
    <error message="Failed to load ApplicationContext" type="java.lang.IllegalStateException">java.lang.IllegalStateException: Failed to load ApplicationContext
Caused by: org.springframework.beans.factory.BeanCreationException: Error creating bean with name 'esConfig': Injection of autowired dependencies failed; nested exception is java.lang.IllegalArgumentException: Could not resolve placeholder 'es.host' in value "${es.host}"
Caused by: java.lang.IllegalArgumentException: Could not resolve placeholder 'es.host' in value "${es.host}"
</error>
    <system-out><![CDATA[18:32:08.868 [main] DEBUG org.springframework.test.context.BootstrapUtils - Instantiating CacheAwareContextLoaderDelegate from class [org.springframework.test.context.cache.DefaultCacheAwareContextLoaderDelegate]
18:32:08.881 [main] DEBUG org.springframework.test.context.BootstrapUtils - Instantiating BootstrapContext using constructor [public org.springframework.test.context.support.DefaultBootstrapContext(java.lang.Class,org.springframework.test.context.CacheAwareContextLoaderDelegate)]
18:32:08.906 [main] DEBUG org.springframework.test.context.BootstrapUtils - Instantiating TestContextBootstrapper for test class [com.by.shopsearch.ShopSearchApplicationTests] from class [org.springframework.boot.test.context.SpringBootTestContextBootstrapper]
18:32:08.920 [main] INFO org.springframework.boot.test.context.SpringBootTestContextBootstrapper - Neither @ContextConfiguration nor @ContextHierarchy found for test class [com.by.shopsearch.ShopSearchApplicationTests], using SpringBootContextLoader
18:32:08.923 [main] DEBUG org.springframework.test.context.support.AbstractContextLoader - Did not detect default resource location for test class [com.by.shopsearch.ShopSearchApplicationTests]: class path resource [com/by/shopsearch/ShopSearchApplicationTests-context.xml] does not exist
18:32:08.924 [main] DEBUG org.springframework.test.context.support.AbstractContextLoader - Did not detect default resource location for test class [com.by.shopsearch.ShopSearchApplicationTests]: class path resource [com/by/shopsearch/ShopSearchApplicationTestsContext.groovy] does not exist
18:32:08.924 [main] INFO org.springframework.test.context.support.AbstractContextLoader - Could not detect default resource locations for test class [com.by.shopsearch.ShopSearchApplicationTests]: no resource found for suffixes {-context.xml, Context.groovy}.
18:32:08.924 [main] INFO org.springframework.test.context.support.AnnotationConfigContextLoaderUtils - Could not detect default configuration classes for test class [com.by.shopsearch.ShopSearchApplicationTests]: ShopSearchApplicationTests does not declare any static, non-private, non-final, nested classes annotated with @Configuration.
18:32:08.970 [main] DEBUG org.springframework.test.context.support.ActiveProfilesUtils - Could not find an 'annotation declaring class' for annotation type [org.springframework.test.context.ActiveProfiles] and class [com.by.shopsearch.ShopSearchApplicationTests]
18:32:09.031 [main] DEBUG org.springframework.context.annotation.ClassPathScanningCandidateComponentProvider - Identified candidate component class: file [D:\shoe-city\shop-search\target\classes\com\by\shopsearch\ShopSearchApplication.class]
18:32:09.032 [main] INFO org.springframework.boot.test.context.SpringBootTestContextBootstrapper - Found @SpringBootConfiguration com.by.shopsearch.ShopSearchApplication for test class com.by.shopsearch.ShopSearchApplicationTests
18:32:09.136 [main] DEBUG org.springframework.boot.test.context.SpringBootTestContextBootstrapper - @TestExecutionListeners is not present for class [com.by.shopsearch.ShopSearchApplicationTests]: using defaults.
18:32:09.136 [main] INFO org.springframework.boot.test.context.SpringBootTestContextBootstrapper - Loaded default TestExecutionListener class names from location [META-INF/spring.factories]: [org.springframework.boot.test.mock.mockito.MockitoTestExecutionListener, org.springframework.boot.test.mock.mockito.ResetMocksTestExecutionListener, org.springframework.boot.test.autoconfigure.restdocs.RestDocsTestExecutionListener, org.springframework.boot.test.autoconfigure.web.client.MockRestServiceServerResetTestExecutionListener, org.springframework.boot.test.autoconfigure.web.servlet.MockMvcPrintOnlyOnFailureTestExecutionListener, org.springframework.boot.test.autoconfigure.web.servlet.WebDriverTestExecutionListener, org.springframework.boot.test.autoconfigure.webservices.client.MockWebServiceServerTestExecutionListener, org.springframework.test.context.web.ServletTestExecutionListener, org.springframework.test.context.support.DirtiesContextBeforeModesTestExecutionListener, org.springframework.test.context.support.DependencyInjectionTestExecutionListener, org.springframework.test.context.support.DirtiesContextTestExecutionListener, org.springframework.test.context.transaction.TransactionalTestExecutionListener, org.springframework.test.context.jdbc.SqlScriptsTestExecutionListener, org.springframework.test.context.event.EventPublishingTestExecutionListener]
18:32:09.151 [main] INFO org.springframework.boot.test.context.SpringBootTestContextBootstrapper - Using TestExecutionListeners: [org.springframework.test.context.web.ServletTestExecutionListener@75c56eb9, org.springframework.test.context.support.DirtiesContextBeforeModesTestExecutionListener@4bc222e, org.springframework.boot.test.mock.mockito.MockitoTestExecutionListener@2dc9b0f5, org.springframework.boot.test.autoconfigure.SpringBootDependencyInjectionTestExecutionListener@6531a794, org.springframework.test.context.support.DirtiesContextTestExecutionListener@3b5fad2d, org.springframework.test.context.transaction.TransactionalTestExecutionListener@5e17553a, org.springframework.test.context.jdbc.SqlScriptsTestExecutionListener@3eb91815, org.springframework.test.context.event.EventPublishingTestExecutionListener@56dc1551, org.springframework.boot.test.mock.mockito.ResetMocksTestExecutionListener@102cec62, org.springframework.boot.test.autoconfigure.restdocs.RestDocsTestExecutionListener@74f6c5d8, org.springframework.boot.test.autoconfigure.web.client.MockRestServiceServerResetTestExecutionListener@27912e3, org.springframework.boot.test.autoconfigure.web.servlet.MockMvcPrintOnlyOnFailureTestExecutionListener@34b9f960, org.springframework.boot.test.autoconfigure.web.servlet.WebDriverTestExecutionListener@43015c69, org.springframework.boot.test.autoconfigure.webservices.client.MockWebServiceServerTestExecutionListener@19b89d4]
18:32:09.153 [main] DEBUG org.springframework.test.context.support.AbstractDirtiesContextTestExecutionListener - Before test class: context [DefaultTestContext@7c3fdb62 testClass = ShopSearchApplicationTests, testInstance = [null], testMethod = [null], testException = [null], mergedContextConfiguration = [WebMergedContextConfiguration@205d38da testClass = ShopSearchApplicationTests, locations = '{}', classes = '{class com.by.shopsearch.ShopSearchApplication}', contextInitializerClasses = '[]', activeProfiles = '{}', propertySourceLocations = '{}', propertySourceProperties = '{org.springframework.boot.test.context.SpringBootTestContextBootstrapper=true}', contextCustomizers = set[org.springframework.boot.test.context.filter.ExcludeFilterContextCustomizer@5dda768f, org.springframework.boot.test.json.DuplicateJsonObjectContextCustomizerFactory$DuplicateJsonObjectContextCustomizer@2aceadd4, org.springframework.boot.test.mock.mockito.MockitoContextCustomizer@0, org.springframework.boot.test.web.client.TestRestTemplateContextCustomizer@7bedc48a, org.springframework.boot.test.autoconfigure.properties.PropertyMappingContextCustomizer@0, org.springframework.boot.test.autoconfigure.web.servlet.WebDriverContextCustomizerFactory$Customizer@79d8407f, org.springframework.boot.test.context.SpringBootTestArgs@1], resourceBasePath = 'src/main/webapp', contextLoader = 'org.springframework.boot.test.context.SpringBootContextLoader', parent = [null]], attributes = map['org.springframework.test.context.web.ServletTestExecutionListener.activateListener' -> true]], class annotated with @DirtiesContext [false] with mode [null].
18:32:09.175 [main] DEBUG org.springframework.test.context.support.TestPropertySourceUtils - Adding inlined properties to environment: {spring.jmx.enabled=false, org.springframework.boot.test.context.SpringBootTestContextBootstrapper=true}
2023-06-20 18:32:11.351  WARN 20428 --- [kground-preinit] o.s.h.c.j.Jackson2ObjectMapperBuilder    : For Jackson Kotlin classes support please add "com.fasterxml.jackson.module:jackson-module-kotlin" to the classpath

  .   ____          _            __ _ _
 /\\ / ___'_ __ _ _(_)_ __  __ _ \ \ \ \
( ( )\___ | '_ | '_| | '_ \/ _` | \ \ \ \
 \\/  ___)| |_)| | | | | || (_| |  ) ) ) )
  '  |____| .__|_| |_|_| |_\__, | / / / /
 =========|_|==============|___/=/_/_/_/
 :: Spring Boot ::        (v2.3.3.RELEASE)

2023-06-20 18:32:12.978  INFO 20428 --- [           main] c.c.c.ConfigServicePropertySourceLocator : Fetching config from server at : http://localhost:9999
2023-06-20 18:32:15.081  INFO 20428 --- [           main] c.c.c.ConfigServicePropertySourceLocator : Connect Timeout Exception on Url - http://localhost:9999. Will be trying the next url if available
2023-06-20 18:32:15.081  WARN 20428 --- [           main] c.c.c.ConfigServicePropertySourceLocator : Could not locate PropertySource: I/O error on GET request for "http://localhost:9999/application/shop-search,eureka-client,mq": Connection refused: connect; nested exception is java.net.ConnectException: Connection refused: connect
2023-06-20 18:32:15.087  INFO 20428 --- [           main] c.b.s.ShopSearchApplicationTests         : No active profile set, falling back to default profiles: default
2023-06-20 18:32:15.734  INFO 20428 --- [           main] o.s.cloud.context.scope.GenericScope     : BeanFactory id=24d4ea4e-e68a-3392-9249-73b9c0f81ae7
2023-06-20 18:32:15.776  INFO 20428 --- [           main] trationDelegate$BeanPostProcessorChecker : Bean 'com.by.feign.api.IGoodsService' of type [org.springframework.cloud.openfeign.FeignClientFactoryBean] is not eligible for getting processed by all BeanPostProcessors (for example: not eligible for auto-proxying)
2023-06-20 18:32:15.777  INFO 20428 --- [           main] trationDelegate$BeanPostProcessorChecker : Bean 'com.by.feign.api.IUserService' of type [org.springframework.cloud.openfeign.FeignClientFactoryBean] is not eligible for getting processed by all BeanPostProcessors (for example: not eligible for auto-proxying)
2023-06-20 18:32:15.869  WARN 20428 --- [           main] o.s.w.c.s.GenericWebApplicationContext   : Exception encountered during context initialization - cancelling refresh attempt: org.springframework.beans.factory.BeanCreationException: Error creating bean with name 'esConfig': Injection of autowired dependencies failed; nested exception is java.lang.IllegalArgumentException: Could not resolve placeholder 'es.host' in value "${es.host}"
2023-06-20 18:32:15.876  INFO 20428 --- [           main] ConditionEvaluationReportLoggingListener : 

Error starting ApplicationContext. To display the conditions report re-run your application with 'debug' enabled.
2023-06-20 18:32:15.880 ERROR 20428 --- [           main] o.s.boot.SpringApplication               : Application run failed

org.springframework.beans.factory.BeanCreationException: Error creating bean with name 'esConfig': Injection of autowired dependencies failed; nested exception is java.lang.IllegalArgumentException: Could not resolve placeholder 'es.host' in value "${es.host}"
	at org.springframework.beans.factory.annotation.AutowiredAnnotationBeanPostProcessor.postProcessProperties(AutowiredAnnotationBeanPostProcessor.java:405) ~[spring-beans-5.2.8.RELEASE.jar:5.2.8.RELEASE]
	at org.springframework.beans.factory.support.AbstractAutowireCapableBeanFactory.populateBean(AbstractAutowireCapableBeanFactory.java:1420) ~[spring-beans-5.2.8.RELEASE.jar:5.2.8.RELEASE]
	at org.springframework.beans.factory.support.AbstractAutowireCapableBeanFactory.doCreateBean(AbstractAutowireCapableBeanFactory.java:593) ~[spring-beans-5.2.8.RELEASE.jar:5.2.8.RELEASE]
	at org.springframework.beans.factory.support.AbstractAutowireCapableBeanFactory.createBean(AbstractAutowireCapableBeanFactory.java:516) ~[spring-beans-5.2.8.RELEASE.jar:5.2.8.RELEASE]
	at org.springframework.beans.factory.support.AbstractBeanFactory.lambda$doGetBean$0(AbstractBeanFactory.java:324) ~[spring-beans-5.2.8.RELEASE.jar:5.2.8.RELEASE]
	at org.springframework.beans.factory.support.DefaultSingletonBeanRegistry.getSingleton(DefaultSingletonBeanRegistry.java:226) ~[spring-beans-5.2.8.RELEASE.jar:5.2.8.RELEASE]
	at org.springframework.beans.factory.support.AbstractBeanFactory.doGetBean(AbstractBeanFactory.java:322) ~[spring-beans-5.2.8.RELEASE.jar:5.2.8.RELEASE]
	at org.springframework.beans.factory.support.AbstractBeanFactory.getBean(AbstractBeanFactory.java:202) ~[spring-beans-5.2.8.RELEASE.jar:5.2.8.RELEASE]
	at org.springframework.beans.factory.support.DefaultListableBeanFactory.preInstantiateSingletons(DefaultListableBeanFactory.java:897) ~[spring-beans-5.2.8.RELEASE.jar:5.2.8.RELEASE]
	at org.springframework.context.support.AbstractApplicationContext.finishBeanFactoryInitialization(AbstractApplicationContext.java:879) ~[spring-context-5.2.8.RELEASE.jar:5.2.8.RELEASE]
	at org.springframework.context.support.AbstractApplicationContext.refresh(AbstractApplicationContext.java:551) ~[spring-context-5.2.8.RELEASE.jar:5.2.8.RELEASE]
	at org.springframework.boot.SpringApplication.refresh(SpringApplication.java:758) ~[spring-boot-2.3.3.RELEASE.jar:2.3.3.RELEASE]
	at org.springframework.boot.SpringApplication.refresh(SpringApplication.java:750) ~[spring-boot-2.3.3.RELEASE.jar:2.3.3.RELEASE]
	at org.springframework.boot.SpringApplication.refreshContext(SpringApplication.java:397) ~[spring-boot-2.3.3.RELEASE.jar:2.3.3.RELEASE]
	at org.springframework.boot.SpringApplication.run(SpringApplication.java:315) ~[spring-boot-2.3.3.RELEASE.jar:2.3.3.RELEASE]
	at org.springframework.boot.test.context.SpringBootContextLoader.loadContext(SpringBootContextLoader.java:120) [spring-boot-test-2.3.3.RELEASE.jar:2.3.3.RELEASE]
	at org.springframework.test.context.cache.DefaultCacheAwareContextLoaderDelegate.loadContextInternal(DefaultCacheAwareContextLoaderDelegate.java:99) [spring-test-5.2.8.RELEASE.jar:5.2.8.RELEASE]
	at org.springframework.test.context.cache.DefaultCacheAwareContextLoaderDelegate.loadContext(DefaultCacheAwareContextLoaderDelegate.java:124) [spring-test-5.2.8.RELEASE.jar:5.2.8.RELEASE]
	at org.springframework.test.context.support.DefaultTestContext.getApplicationContext(DefaultTestContext.java:123) [spring-test-5.2.8.RELEASE.jar:5.2.8.RELEASE]
	at org.springframework.test.context.web.ServletTestExecutionListener.setUpRequestContextIfNecessary(ServletTestExecutionListener.java:190) [spring-test-5.2.8.RELEASE.jar:5.2.8.RELEASE]
	at org.springframework.test.context.web.ServletTestExecutionListener.prepareTestInstance(ServletTestExecutionListener.java:132) [spring-test-5.2.8.RELEASE.jar:5.2.8.RELEASE]
	at org.springframework.test.context.TestContextManager.prepareTestInstance(TestContextManager.java:244) [spring-test-5.2.8.RELEASE.jar:5.2.8.RELEASE]
	at org.springframework.test.context.junit.jupiter.SpringExtension.postProcessTestInstance(SpringExtension.java:98) [spring-test-5.2.8.RELEASE.jar:5.2.8.RELEASE]
	at org.junit.jupiter.engine.descriptor.ClassBasedTestDescriptor.lambda$invokeTestInstancePostProcessors$5(ClassBasedTestDescriptor.java:341) [junit-jupiter-engine-5.6.2.jar:5.6.2]
	at org.junit.jupiter.engine.descriptor.ClassBasedTestDescriptor.executeAndMaskThrowable(ClassBasedTestDescriptor.java:346) [junit-jupiter-engine-5.6.2.jar:5.6.2]
	at org.junit.jupiter.engine.descriptor.ClassBasedTestDescriptor.lambda$invokeTestInstancePostProcessors$6(ClassBasedTestDescriptor.java:341) [junit-jupiter-engine-5.6.2.jar:5.6.2]
	at java.util.stream.ReferencePipeline$3$1.accept(ReferencePipeline.java:193) ~[na:1.8.0_341]
	at java.util.stream.ReferencePipeline$2$1.accept(ReferencePipeline.java:175) ~[na:1.8.0_341]
	at java.util.ArrayList$ArrayListSpliterator.forEachRemaining(ArrayList.java:1384) ~[na:1.8.0_341]
	at java.util.stream.AbstractPipeline.copyInto(AbstractPipeline.java:482) ~[na:1.8.0_341]
	at java.util.stream.AbstractPipeline.wrapAndCopyInto(AbstractPipeline.java:472) ~[na:1.8.0_341]
	at java.util.stream.StreamSpliterators$WrappingSpliterator.forEachRemaining(StreamSpliterators.java:312) ~[na:1.8.0_341]
	at java.util.stream.Streams$ConcatSpliterator.forEachRemaining(Streams.java:743) ~[na:1.8.0_341]
	at java.util.stream.Streams$ConcatSpliterator.forEachRemaining(Streams.java:742) ~[na:1.8.0_341]
	at java.util.stream.ReferencePipeline$Head.forEach(ReferencePipeline.java:580) ~[na:1.8.0_341]
	at org.junit.jupiter.engine.descriptor.ClassBasedTestDescriptor.invokeTestInstancePostProcessors(ClassBasedTestDescriptor.java:340) [junit-jupiter-engine-5.6.2.jar:5.6.2]
	at org.junit.jupiter.engine.descriptor.ClassBasedTestDescriptor.instantiateAndPostProcessTestInstance(ClassBasedTestDescriptor.java:263) [junit-jupiter-engine-5.6.2.jar:5.6.2]
	at org.junit.jupiter.engine.descriptor.ClassBasedTestDescriptor.lambda$testInstancesProvider$2(ClassBasedTestDescriptor.java:256) [junit-jupiter-engine-5.6.2.jar:5.6.2]
	at java.util.Optional.orElseGet(Optional.java:267) ~[na:1.8.0_341]
	at org.junit.jupiter.engine.descriptor.ClassBasedTestDescriptor.lambda$testInstancesProvider$3(ClassBasedTestDescriptor.java:255) [junit-jupiter-engine-5.6.2.jar:5.6.2]
	at org.junit.jupiter.engine.execution.TestInstancesProvider.getTestInstances(TestInstancesProvider.java:29) ~[junit-jupiter-engine-5.6.2.jar:5.6.2]
	at org.junit.jupiter.engine.descriptor.TestMethodTestDescriptor.lambda$prepare$0(TestMethodTestDescriptor.java:108) ~[junit-jupiter-engine-5.6.2.jar:5.6.2]
	at org.junit.platform.engine.support.hierarchical.ThrowableCollector.execute(ThrowableCollector.java:73) ~[junit-platform-engine-1.6.2.jar:1.6.2]
	at org.junit.jupiter.engine.descriptor.TestMethodTestDescriptor.prepare(TestMethodTestDescriptor.java:107) ~[junit-jupiter-engine-5.6.2.jar:5.6.2]
	at org.junit.jupiter.engine.descriptor.TestMethodTestDescriptor.prepare(TestMethodTestDescriptor.java:71) ~[junit-jupiter-engine-5.6.2.jar:5.6.2]
	at org.junit.platform.engine.support.hierarchical.NodeTestTask.lambda$prepare$1(NodeTestTask.java:107) ~[junit-platform-engine-1.6.2.jar:1.6.2]
	at org.junit.platform.engine.support.hierarchical.ThrowableCollector.execute(ThrowableCollector.java:73) ~[junit-platform-engine-1.6.2.jar:1.6.2]
	at org.junit.platform.engine.support.hierarchical.NodeTestTask.prepare(NodeTestTask.java:107) ~[junit-platform-engine-1.6.2.jar:1.6.2]
	at org.junit.platform.engine.support.hierarchical.NodeTestTask.execute(NodeTestTask.java:75) ~[junit-platform-engine-1.6.2.jar:1.6.2]
	at java.util.ArrayList.forEach(ArrayList.java:1259) ~[na:1.8.0_341]
	at org.junit.platform.engine.support.hierarchical.SameThreadHierarchicalTestExecutorService.invokeAll(SameThreadHierarchicalTestExecutorService.java:38) ~[junit-platform-engine-1.6.2.jar:1.6.2]
	at org.junit.platform.engine.support.hierarchical.NodeTestTask.lambda$executeRecursively$5(NodeTestTask.java:139) ~[junit-platform-engine-1.6.2.jar:1.6.2]
	at org.junit.platform.engine.support.hierarchical.ThrowableCollector.execute(ThrowableCollector.java:73) ~[junit-platform-engine-1.6.2.jar:1.6.2]
	at org.junit.platform.engine.support.hierarchical.NodeTestTask.lambda$executeRecursively$7(NodeTestTask.java:125) ~[junit-platform-engine-1.6.2.jar:1.6.2]
	at org.junit.platform.engine.support.hierarchical.Node.around(Node.java:135) ~[junit-platform-engine-1.6.2.jar:1.6.2]
	at org.junit.platform.engine.support.hierarchical.NodeTestTask.lambda$executeRecursively$8(NodeTestTask.java:123) ~[junit-platform-engine-1.6.2.jar:1.6.2]
	at org.junit.platform.engine.support.hierarchical.ThrowableCollector.execute(ThrowableCollector.java:73) ~[junit-platform-engine-1.6.2.jar:1.6.2]
	at org.junit.platform.engine.support.hierarchical.NodeTestTask.executeRecursively(NodeTestTask.java:122) ~[junit-platform-engine-1.6.2.jar:1.6.2]
	at org.junit.platform.engine.support.hierarchical.NodeTestTask.execute(NodeTestTask.java:80) ~[junit-platform-engine-1.6.2.jar:1.6.2]
	at java.util.ArrayList.forEach(ArrayList.java:1259) ~[na:1.8.0_341]
	at org.junit.platform.engine.support.hierarchical.SameThreadHierarchicalTestExecutorService.invokeAll(SameThreadHierarchicalTestExecutorService.java:38) ~[junit-platform-engine-1.6.2.jar:1.6.2]
	at org.junit.platform.engine.support.hierarchical.NodeTestTask.lambda$executeRecursively$5(NodeTestTask.java:139) ~[junit-platform-engine-1.6.2.jar:1.6.2]
	at org.junit.platform.engine.support.hierarchical.ThrowableCollector.execute(ThrowableCollector.java:73) ~[junit-platform-engine-1.6.2.jar:1.6.2]
	at org.junit.platform.engine.support.hierarchical.NodeTestTask.lambda$executeRecursively$7(NodeTestTask.java:125) ~[junit-platform-engine-1.6.2.jar:1.6.2]
	at org.junit.platform.engine.support.hierarchical.Node.around(Node.java:135) ~[junit-platform-engine-1.6.2.jar:1.6.2]
	at org.junit.platform.engine.support.hierarchical.NodeTestTask.lambda$executeRecursively$8(NodeTestTask.java:123) ~[junit-platform-engine-1.6.2.jar:1.6.2]
	at org.junit.platform.engine.support.hierarchical.ThrowableCollector.execute(ThrowableCollector.java:73) ~[junit-platform-engine-1.6.2.jar:1.6.2]
	at org.junit.platform.engine.support.hierarchical.NodeTestTask.executeRecursively(NodeTestTask.java:122) ~[junit-platform-engine-1.6.2.jar:1.6.2]
	at org.junit.platform.engine.support.hierarchical.NodeTestTask.execute(NodeTestTask.java:80) ~[junit-platform-engine-1.6.2.jar:1.6.2]
	at org.junit.platform.engine.support.hierarchical.SameThreadHierarchicalTestExecutorService.submit(SameThreadHierarchicalTestExecutorService.java:32) ~[junit-platform-engine-1.6.2.jar:1.6.2]
	at org.junit.platform.engine.support.hierarchical.HierarchicalTestExecutor.execute(HierarchicalTestExecutor.java:57) ~[junit-platform-engine-1.6.2.jar:1.6.2]
	at org.junit.platform.engine.support.hierarchical.HierarchicalTestEngine.execute(HierarchicalTestEngine.java:51) ~[junit-platform-engine-1.6.2.jar:1.6.2]
	at org.junit.platform.launcher.core.DefaultLauncher.execute(DefaultLauncher.java:220) ~[junit-platform-launcher-1.3.1.jar:1.3.1]
	at org.junit.platform.launcher.core.DefaultLauncher.lambda$execute$6(DefaultLauncher.java:188) ~[junit-platform-launcher-1.3.1.jar:1.3.1]
	at org.junit.platform.launcher.core.DefaultLauncher.withInterceptedStreams(DefaultLauncher.java:202) ~[junit-platform-launcher-1.3.1.jar:1.3.1]
	at org.junit.platform.launcher.core.DefaultLauncher.execute(DefaultLauncher.java:181) ~[junit-platform-launcher-1.3.1.jar:1.3.1]
	at org.junit.platform.launcher.core.DefaultLauncher.execute(DefaultLauncher.java:128) ~[junit-platform-launcher-1.3.1.jar:1.3.1]
	at org.apache.maven.surefire.junitplatform.JUnitPlatformProvider.invokeAllTests(JUnitPlatformProvider.java:150) ~[surefire-junit-platform-2.22.2.jar:2.22.2]
	at org.apache.maven.surefire.junitplatform.JUnitPlatformProvider.invoke(JUnitPlatformProvider.java:124) ~[surefire-junit-platform-2.22.2.jar:2.22.2]
	at org.apache.maven.surefire.booter.ForkedBooter.invokeProviderInSameClassLoader(ForkedBooter.java:384) ~[surefire-booter-2.22.2.jar:2.22.2]
	at org.apache.maven.surefire.booter.ForkedBooter.runSuitesInProcess(ForkedBooter.java:345) ~[surefire-booter-2.22.2.jar:2.22.2]
	at org.apache.maven.surefire.booter.ForkedBooter.execute(ForkedBooter.java:126) ~[surefire-booter-2.22.2.jar:2.22.2]
	at org.apache.maven.surefire.booter.ForkedBooter.main(ForkedBooter.java:418) ~[surefire-booter-2.22.2.jar:2.22.2]
Caused by: java.lang.IllegalArgumentException: Could not resolve placeholder 'es.host' in value "${es.host}"
	at org.springframework.util.PropertyPlaceholderHelper.parseStringValue(PropertyPlaceholderHelper.java:178) ~[spring-core-5.2.8.RELEASE.jar:5.2.8.RELEASE]
	at org.springframework.util.PropertyPlaceholderHelper.replacePlaceholders(PropertyPlaceholderHelper.java:124) ~[spring-core-5.2.8.RELEASE.jar:5.2.8.RELEASE]
	at org.springframework.core.env.AbstractPropertyResolver.doResolvePlaceholders(AbstractPropertyResolver.java:239) ~[spring-core-5.2.8.RELEASE.jar:5.2.8.RELEASE]
	at org.springframework.core.env.AbstractPropertyResolver.resolveRequiredPlaceholders(AbstractPropertyResolver.java:210) ~[spring-core-5.2.8.RELEASE.jar:5.2.8.RELEASE]
	at org.springframework.context.support.PropertySourcesPlaceholderConfigurer.lambda$processProperties$0(PropertySourcesPlaceholderConfigurer.java:175) ~[spring-context-5.2.8.RELEASE.jar:5.2.8.RELEASE]
	at org.springframework.beans.factory.support.AbstractBeanFactory.resolveEmbeddedValue(AbstractBeanFactory.java:918) ~[spring-beans-5.2.8.RELEASE.jar:5.2.8.RELEASE]
	at org.springframework.beans.factory.support.DefaultListableBeanFactory.doResolveDependency(DefaultListableBeanFactory.java:1248) ~[spring-beans-5.2.8.RELEASE.jar:5.2.8.RELEASE]
	at org.springframework.beans.factory.support.DefaultListableBeanFactory.resolveDependency(DefaultListableBeanFactory.java:1227) ~[spring-beans-5.2.8.RELEASE.jar:5.2.8.RELEASE]
	at org.springframework.beans.factory.annotation.AutowiredAnnotationBeanPostProcessor$AutowiredFieldElement.inject(AutowiredAnnotationBeanPostProcessor.java:640) ~[spring-beans-5.2.8.RELEASE.jar:5.2.8.RELEASE]
	at org.springframework.beans.factory.annotation.InjectionMetadata.inject(InjectionMetadata.java:130) ~[spring-beans-5.2.8.RELEASE.jar:5.2.8.RELEASE]
	at org.springframework.beans.factory.annotation.AutowiredAnnotationBeanPostProcessor.postProcessProperties(AutowiredAnnotationBeanPostProcessor.java:399) ~[spring-beans-5.2.8.RELEASE.jar:5.2.8.RELEASE]
	... 82 common frames omitted

2023-06-20 18:32:15.883 ERROR 20428 --- [           main] o.s.test.context.TestContextManager      : Caught exception while allowing TestExecutionListener [org.springframework.test.context.web.ServletTestExecutionListener@75c56eb9] to prepare test instance [com.by.shopsearch.ShopSearchApplicationTests@142213d5]

java.lang.IllegalStateException: Failed to load ApplicationContext
	at org.springframework.test.context.cache.DefaultCacheAwareContextLoaderDelegate.loadContext(DefaultCacheAwareContextLoaderDelegate.java:132) ~[spring-test-5.2.8.RELEASE.jar:5.2.8.RELEASE]
	at org.springframework.test.context.support.DefaultTestContext.getApplicationContext(DefaultTestContext.java:123) ~[spring-test-5.2.8.RELEASE.jar:5.2.8.RELEASE]
	at org.springframework.test.context.web.ServletTestExecutionListener.setUpRequestContextIfNecessary(ServletTestExecutionListener.java:190) ~[spring-test-5.2.8.RELEASE.jar:5.2.8.RELEASE]
	at org.springframework.test.context.web.ServletTestExecutionListener.prepareTestInstance(ServletTestExecutionListener.java:132) ~[spring-test-5.2.8.RELEASE.jar:5.2.8.RELEASE]
	at org.springframework.test.context.TestContextManager.prepareTestInstance(TestContextManager.java:244) ~[spring-test-5.2.8.RELEASE.jar:5.2.8.RELEASE]
	at org.springframework.test.context.junit.jupiter.SpringExtension.postProcessTestInstance(SpringExtension.java:98) [spring-test-5.2.8.RELEASE.jar:5.2.8.RELEASE]
	at org.junit.jupiter.engine.descriptor.ClassBasedTestDescriptor.lambda$invokeTestInstancePostProcessors$5(ClassBasedTestDescriptor.java:341) [junit-jupiter-engine-5.6.2.jar:5.6.2]
	at org.junit.jupiter.engine.descriptor.ClassBasedTestDescriptor.executeAndMaskThrowable(ClassBasedTestDescriptor.java:346) [junit-jupiter-engine-5.6.2.jar:5.6.2]
	at org.junit.jupiter.engine.descriptor.ClassBasedTestDescriptor.lambda$invokeTestInstancePostProcessors$6(ClassBasedTestDescriptor.java:341) [junit-jupiter-engine-5.6.2.jar:5.6.2]
	at java.util.stream.ReferencePipeline$3$1.accept(ReferencePipeline.java:193) ~[na:1.8.0_341]
	at java.util.stream.ReferencePipeline$2$1.accept(ReferencePipeline.java:175) ~[na:1.8.0_341]
	at java.util.ArrayList$ArrayListSpliterator.forEachRemaining(ArrayList.java:1384) ~[na:1.8.0_341]
	at java.util.stream.AbstractPipeline.copyInto(AbstractPipeline.java:482) ~[na:1.8.0_341]
	at java.util.stream.AbstractPipeline.wrapAndCopyInto(AbstractPipeline.java:472) ~[na:1.8.0_341]
	at java.util.stream.StreamSpliterators$WrappingSpliterator.forEachRemaining(StreamSpliterators.java:312) ~[na:1.8.0_341]
	at java.util.stream.Streams$ConcatSpliterator.forEachRemaining(Streams.java:743) ~[na:1.8.0_341]
	at java.util.stream.Streams$ConcatSpliterator.forEachRemaining(Streams.java:742) ~[na:1.8.0_341]
	at java.util.stream.ReferencePipeline$Head.forEach(ReferencePipeline.java:580) ~[na:1.8.0_341]
	at org.junit.jupiter.engine.descriptor.ClassBasedTestDescriptor.invokeTestInstancePostProcessors(ClassBasedTestDescriptor.java:340) [junit-jupiter-engine-5.6.2.jar:5.6.2]
	at org.junit.jupiter.engine.descriptor.ClassBasedTestDescriptor.instantiateAndPostProcessTestInstance(ClassBasedTestDescriptor.java:263) [junit-jupiter-engine-5.6.2.jar:5.6.2]
	at org.junit.jupiter.engine.descriptor.ClassBasedTestDescriptor.lambda$testInstancesProvider$2(ClassBasedTestDescriptor.java:256) [junit-jupiter-engine-5.6.2.jar:5.6.2]
	at java.util.Optional.orElseGet(Optional.java:267) ~[na:1.8.0_341]
	at org.junit.jupiter.engine.descriptor.ClassBasedTestDescriptor.lambda$testInstancesProvider$3(ClassBasedTestDescriptor.java:255) [junit-jupiter-engine-5.6.2.jar:5.6.2]
	at org.junit.jupiter.engine.execution.TestInstancesProvider.getTestInstances(TestInstancesProvider.java:29) ~[junit-jupiter-engine-5.6.2.jar:5.6.2]
	at org.junit.jupiter.engine.descriptor.TestMethodTestDescriptor.lambda$prepare$0(TestMethodTestDescriptor.java:108) ~[junit-jupiter-engine-5.6.2.jar:5.6.2]
	at org.junit.platform.engine.support.hierarchical.ThrowableCollector.execute(ThrowableCollector.java:73) ~[junit-platform-engine-1.6.2.jar:1.6.2]
	at org.junit.jupiter.engine.descriptor.TestMethodTestDescriptor.prepare(TestMethodTestDescriptor.java:107) ~[junit-jupiter-engine-5.6.2.jar:5.6.2]
	at org.junit.jupiter.engine.descriptor.TestMethodTestDescriptor.prepare(TestMethodTestDescriptor.java:71) ~[junit-jupiter-engine-5.6.2.jar:5.6.2]
	at org.junit.platform.engine.support.hierarchical.NodeTestTask.lambda$prepare$1(NodeTestTask.java:107) ~[junit-platform-engine-1.6.2.jar:1.6.2]
	at org.junit.platform.engine.support.hierarchical.ThrowableCollector.execute(ThrowableCollector.java:73) ~[junit-platform-engine-1.6.2.jar:1.6.2]
	at org.junit.platform.engine.support.hierarchical.NodeTestTask.prepare(NodeTestTask.java:107) ~[junit-platform-engine-1.6.2.jar:1.6.2]
	at org.junit.platform.engine.support.hierarchical.NodeTestTask.execute(NodeTestTask.java:75) ~[junit-platform-engine-1.6.2.jar:1.6.2]
	at java.util.ArrayList.forEach(ArrayList.java:1259) ~[na:1.8.0_341]
	at org.junit.platform.engine.support.hierarchical.SameThreadHierarchicalTestExecutorService.invokeAll(SameThreadHierarchicalTestExecutorService.java:38) ~[junit-platform-engine-1.6.2.jar:1.6.2]
	at org.junit.platform.engine.support.hierarchical.NodeTestTask.lambda$executeRecursively$5(NodeTestTask.java:139) ~[junit-platform-engine-1.6.2.jar:1.6.2]
	at org.junit.platform.engine.support.hierarchical.ThrowableCollector.execute(ThrowableCollector.java:73) ~[junit-platform-engine-1.6.2.jar:1.6.2]
	at org.junit.platform.engine.support.hierarchical.NodeTestTask.lambda$executeRecursively$7(NodeTestTask.java:125) ~[junit-platform-engine-1.6.2.jar:1.6.2]
	at org.junit.platform.engine.support.hierarchical.Node.around(Node.java:135) ~[junit-platform-engine-1.6.2.jar:1.6.2]
	at org.junit.platform.engine.support.hierarchical.NodeTestTask.lambda$executeRecursively$8(NodeTestTask.java:123) ~[junit-platform-engine-1.6.2.jar:1.6.2]
	at org.junit.platform.engine.support.hierarchical.ThrowableCollector.execute(ThrowableCollector.java:73) ~[junit-platform-engine-1.6.2.jar:1.6.2]
	at org.junit.platform.engine.support.hierarchical.NodeTestTask.executeRecursively(NodeTestTask.java:122) ~[junit-platform-engine-1.6.2.jar:1.6.2]
	at org.junit.platform.engine.support.hierarchical.NodeTestTask.execute(NodeTestTask.java:80) ~[junit-platform-engine-1.6.2.jar:1.6.2]
	at java.util.ArrayList.forEach(ArrayList.java:1259) ~[na:1.8.0_341]
	at org.junit.platform.engine.support.hierarchical.SameThreadHierarchicalTestExecutorService.invokeAll(SameThreadHierarchicalTestExecutorService.java:38) ~[junit-platform-engine-1.6.2.jar:1.6.2]
	at org.junit.platform.engine.support.hierarchical.NodeTestTask.lambda$executeRecursively$5(NodeTestTask.java:139) ~[junit-platform-engine-1.6.2.jar:1.6.2]
	at org.junit.platform.engine.support.hierarchical.ThrowableCollector.execute(ThrowableCollector.java:73) ~[junit-platform-engine-1.6.2.jar:1.6.2]
	at org.junit.platform.engine.support.hierarchical.NodeTestTask.lambda$executeRecursively$7(NodeTestTask.java:125) ~[junit-platform-engine-1.6.2.jar:1.6.2]
	at org.junit.platform.engine.support.hierarchical.Node.around(Node.java:135) ~[junit-platform-engine-1.6.2.jar:1.6.2]
	at org.junit.platform.engine.support.hierarchical.NodeTestTask.lambda$executeRecursively$8(NodeTestTask.java:123) ~[junit-platform-engine-1.6.2.jar:1.6.2]
	at org.junit.platform.engine.support.hierarchical.ThrowableCollector.execute(ThrowableCollector.java:73) ~[junit-platform-engine-1.6.2.jar:1.6.2]
	at org.junit.platform.engine.support.hierarchical.NodeTestTask.executeRecursively(NodeTestTask.java:122) ~[junit-platform-engine-1.6.2.jar:1.6.2]
	at org.junit.platform.engine.support.hierarchical.NodeTestTask.execute(NodeTestTask.java:80) ~[junit-platform-engine-1.6.2.jar:1.6.2]
	at org.junit.platform.engine.support.hierarchical.SameThreadHierarchicalTestExecutorService.submit(SameThreadHierarchicalTestExecutorService.java:32) ~[junit-platform-engine-1.6.2.jar:1.6.2]
	at org.junit.platform.engine.support.hierarchical.HierarchicalTestExecutor.execute(HierarchicalTestExecutor.java:57) ~[junit-platform-engine-1.6.2.jar:1.6.2]
	at org.junit.platform.engine.support.hierarchical.HierarchicalTestEngine.execute(HierarchicalTestEngine.java:51) ~[junit-platform-engine-1.6.2.jar:1.6.2]
	at org.junit.platform.launcher.core.DefaultLauncher.execute(DefaultLauncher.java:220) ~[junit-platform-launcher-1.3.1.jar:1.3.1]
	at org.junit.platform.launcher.core.DefaultLauncher.lambda$execute$6(DefaultLauncher.java:188) ~[junit-platform-launcher-1.3.1.jar:1.3.1]
	at org.junit.platform.launcher.core.DefaultLauncher.withInterceptedStreams(DefaultLauncher.java:202) ~[junit-platform-launcher-1.3.1.jar:1.3.1]
	at org.junit.platform.launcher.core.DefaultLauncher.execute(DefaultLauncher.java:181) ~[junit-platform-launcher-1.3.1.jar:1.3.1]
	at org.junit.platform.launcher.core.DefaultLauncher.execute(DefaultLauncher.java:128) ~[junit-platform-launcher-1.3.1.jar:1.3.1]
	at org.apache.maven.surefire.junitplatform.JUnitPlatformProvider.invokeAllTests(JUnitPlatformProvider.java:150) ~[surefire-junit-platform-2.22.2.jar:2.22.2]
	at org.apache.maven.surefire.junitplatform.JUnitPlatformProvider.invoke(JUnitPlatformProvider.java:124) ~[surefire-junit-platform-2.22.2.jar:2.22.2]
	at org.apache.maven.surefire.booter.ForkedBooter.invokeProviderInSameClassLoader(ForkedBooter.java:384) ~[surefire-booter-2.22.2.jar:2.22.2]
	at org.apache.maven.surefire.booter.ForkedBooter.runSuitesInProcess(ForkedBooter.java:345) ~[surefire-booter-2.22.2.jar:2.22.2]
	at org.apache.maven.surefire.booter.ForkedBooter.execute(ForkedBooter.java:126) ~[surefire-booter-2.22.2.jar:2.22.2]
	at org.apache.maven.surefire.booter.ForkedBooter.main(ForkedBooter.java:418) ~[surefire-booter-2.22.2.jar:2.22.2]
Caused by: org.springframework.beans.factory.BeanCreationException: Error creating bean with name 'esConfig': Injection of autowired dependencies failed; nested exception is java.lang.IllegalArgumentException: Could not resolve placeholder 'es.host' in value "${es.host}"
	at org.springframework.beans.factory.annotation.AutowiredAnnotationBeanPostProcessor.postProcessProperties(AutowiredAnnotationBeanPostProcessor.java:405) ~[spring-beans-5.2.8.RELEASE.jar:5.2.8.RELEASE]
	at org.springframework.beans.factory.support.AbstractAutowireCapableBeanFactory.populateBean(AbstractAutowireCapableBeanFactory.java:1420) ~[spring-beans-5.2.8.RELEASE.jar:5.2.8.RELEASE]
	at org.springframework.beans.factory.support.AbstractAutowireCapableBeanFactory.doCreateBean(AbstractAutowireCapableBeanFactory.java:593) ~[spring-beans-5.2.8.RELEASE.jar:5.2.8.RELEASE]
	at org.springframework.beans.factory.support.AbstractAutowireCapableBeanFactory.createBean(AbstractAutowireCapableBeanFactory.java:516) ~[spring-beans-5.2.8.RELEASE.jar:5.2.8.RELEASE]
	at org.springframework.beans.factory.support.AbstractBeanFactory.lambda$doGetBean$0(AbstractBeanFactory.java:324) ~[spring-beans-5.2.8.RELEASE.jar:5.2.8.RELEASE]
	at org.springframework.beans.factory.support.DefaultSingletonBeanRegistry.getSingleton(DefaultSingletonBeanRegistry.java:226) ~[spring-beans-5.2.8.RELEASE.jar:5.2.8.RELEASE]
	at org.springframework.beans.factory.support.AbstractBeanFactory.doGetBean(AbstractBeanFactory.java:322) ~[spring-beans-5.2.8.RELEASE.jar:5.2.8.RELEASE]
	at org.springframework.beans.factory.support.AbstractBeanFactory.getBean(AbstractBeanFactory.java:202) ~[spring-beans-5.2.8.RELEASE.jar:5.2.8.RELEASE]
	at org.springframework.beans.factory.support.DefaultListableBeanFactory.preInstantiateSingletons(DefaultListableBeanFactory.java:897) ~[spring-beans-5.2.8.RELEASE.jar:5.2.8.RELEASE]
	at org.springframework.context.support.AbstractApplicationContext.finishBeanFactoryInitialization(AbstractApplicationContext.java:879) ~[spring-context-5.2.8.RELEASE.jar:5.2.8.RELEASE]
	at org.springframework.context.support.AbstractApplicationContext.refresh(AbstractApplicationContext.java:551) ~[spring-context-5.2.8.RELEASE.jar:5.2.8.RELEASE]
	at org.springframework.boot.SpringApplication.refresh(SpringApplication.java:758) ~[spring-boot-2.3.3.RELEASE.jar:2.3.3.RELEASE]
	at org.springframework.boot.SpringApplication.refresh(SpringApplication.java:750) ~[spring-boot-2.3.3.RELEASE.jar:2.3.3.RELEASE]
	at org.springframework.boot.SpringApplication.refreshContext(SpringApplication.java:397) ~[spring-boot-2.3.3.RELEASE.jar:2.3.3.RELEASE]
	at org.springframework.boot.SpringApplication.run(SpringApplication.java:315) ~[spring-boot-2.3.3.RELEASE.jar:2.3.3.RELEASE]
	at org.springframework.boot.test.context.SpringBootContextLoader.loadContext(SpringBootContextLoader.java:120) ~[spring-boot-test-2.3.3.RELEASE.jar:2.3.3.RELEASE]
	at org.springframework.test.context.cache.DefaultCacheAwareContextLoaderDelegate.loadContextInternal(DefaultCacheAwareContextLoaderDelegate.java:99) ~[spring-test-5.2.8.RELEASE.jar:5.2.8.RELEASE]
	at org.springframework.test.context.cache.DefaultCacheAwareContextLoaderDelegate.loadContext(DefaultCacheAwareContextLoaderDelegate.java:124) ~[spring-test-5.2.8.RELEASE.jar:5.2.8.RELEASE]
	... 65 common frames omitted
Caused by: java.lang.IllegalArgumentException: Could not resolve placeholder 'es.host' in value "${es.host}"
	at org.springframework.util.PropertyPlaceholderHelper.parseStringValue(PropertyPlaceholderHelper.java:178) ~[spring-core-5.2.8.RELEASE.jar:5.2.8.RELEASE]
	at org.springframework.util.PropertyPlaceholderHelper.replacePlaceholders(PropertyPlaceholderHelper.java:124) ~[spring-core-5.2.8.RELEASE.jar:5.2.8.RELEASE]
	at org.springframework.core.env.AbstractPropertyResolver.doResolvePlaceholders(AbstractPropertyResolver.java:239) ~[spring-core-5.2.8.RELEASE.jar:5.2.8.RELEASE]
	at org.springframework.core.env.AbstractPropertyResolver.resolveRequiredPlaceholders(AbstractPropertyResolver.java:210) ~[spring-core-5.2.8.RELEASE.jar:5.2.8.RELEASE]
	at org.springframework.context.support.PropertySourcesPlaceholderConfigurer.lambda$processProperties$0(PropertySourcesPlaceholderConfigurer.java:175) ~[spring-context-5.2.8.RELEASE.jar:5.2.8.RELEASE]
	at org.springframework.beans.factory.support.AbstractBeanFactory.resolveEmbeddedValue(AbstractBeanFactory.java:918) ~[spring-beans-5.2.8.RELEASE.jar:5.2.8.RELEASE]
	at org.springframework.beans.factory.support.DefaultListableBeanFactory.doResolveDependency(DefaultListableBeanFactory.java:1248) ~[spring-beans-5.2.8.RELEASE.jar:5.2.8.RELEASE]
	at org.springframework.beans.factory.support.DefaultListableBeanFactory.resolveDependency(DefaultListableBeanFactory.java:1227) ~[spring-beans-5.2.8.RELEASE.jar:5.2.8.RELEASE]
	at org.springframework.beans.factory.annotation.AutowiredAnnotationBeanPostProcessor$AutowiredFieldElement.inject(AutowiredAnnotationBeanPostProcessor.java:640) ~[spring-beans-5.2.8.RELEASE.jar:5.2.8.RELEASE]
	at org.springframework.beans.factory.annotation.InjectionMetadata.inject(InjectionMetadata.java:130) ~[spring-beans-5.2.8.RELEASE.jar:5.2.8.RELEASE]
	at org.springframework.beans.factory.annotation.AutowiredAnnotationBeanPostProcessor.postProcessProperties(AutowiredAnnotationBeanPostProcessor.java:399) ~[spring-beans-5.2.8.RELEASE.jar:5.2.8.RELEASE]
	... 82 common frames omitted

]]></system-out>
  </testcase>
</testsuite>